<?xml version="1.0" encoding="UTF-8"?>
<testsuite name="com.mercedesbenz.carenquiry.CarControllerTest" tests="12" skipped="0" failures="0" errors="0" timestamp="2023-05-17T18:59:33" hostname="CGSCLXR80838529" time="1.217">
  <properties/>
  <testcase name="delete_fail()" classname="com.mercedesbenz.carenquiry.CarControllerTest" time="0.819"/>
  <testcase name="updateCarById_failure_CARIMAGE()" classname="com.mercedesbenz.carenquiry.CarControllerTest" time="0.136"/>
  <testcase name="updateCarById_failure_CARPRICE()" classname="com.mercedesbenz.carenquiry.CarControllerTest" time="0.015"/>
  <testcase name="updateCarById_success()" classname="com.mercedesbenz.carenquiry.CarControllerTest" time="0.029"/>
  <testcase name="post_fail_exception_CARNAME()" classname="com.mercedesbenz.carenquiry.CarControllerTest" time="0.013"/>
  <testcase name="findbyId_success()" classname="com.mercedesbenz.carenquiry.CarControllerTest" time="0.007"/>
  <testcase name="findAllCars()" classname="com.mercedesbenz.carenquiry.CarControllerTest" time="0.088"/>
  <testcase name="updateCarById_failure()" classname="com.mercedesbenz.carenquiry.CarControllerTest" time="0.016"/>
  <testcase name="post_fail_exception_CARIMAGE()" classname="com.mercedesbenz.carenquiry.CarControllerTest" time="0.013"/>
  <testcase name="post_fail_exception_CARPRICE()" classname="com.mercedesbenz.carenquiry.CarControllerTest" time="0.014"/>
  <testcase name="findbyId_fail()" classname="com.mercedesbenz.carenquiry.CarControllerTest" time="0.015"/>
  <testcase name="updateCarById_failure_CARNAME()" classname="com.mercedesbenz.carenquiry.CarControllerTest" time="0.012"/>
  <system-out><![CDATA[00:29:23.707 [Test worker] DEBUG org.springframework.boot.test.context.SpringBootTestContextBootstrapper -- Neither @ContextConfiguration nor @ContextHierarchy found for test class [CarControllerTest]: using SpringBootContextLoader
00:29:23.719 [Test worker] DEBUG org.springframework.test.context.support.AbstractContextLoader -- Could not detect default resource locations for test class [com.mercedesbenz.carenquiry.CarControllerTest]: no resource found for suffixes {-context.xml, Context.groovy}.
00:29:23.721 [Test worker] INFO org.springframework.test.context.support.AnnotationConfigContextLoaderUtils -- Could not detect default configuration classes for test class [com.mercedesbenz.carenquiry.CarControllerTest]: CarControllerTest does not declare any static, non-private, non-final, nested classes annotated with @Configuration.
00:29:23.805 [Test worker] DEBUG org.springframework.boot.test.context.SpringBootTestContextBootstrapper -- Using ContextCustomizers for test class [CarControllerTest]: [DisableObservabilityContextCustomizer, PropertyMappingContextCustomizer, Customizer, ImportsContextCustomizer, ExcludeFilterContextCustomizer, DuplicateJsonObjectContextCustomizer, MockitoContextCustomizer, TestRestTemplateContextCustomizer]
00:29:23.961 [Test worker] DEBUG org.springframework.context.annotation.ClassPathScanningCandidateComponentProvider -- Identified candidate component class: file [C:\Users\srharih\Downloads\springboot-gradle-personal-git\springboot-gradle\build\classes\java\main\com\mercedesbenz\carenquiry\CarenquiryApplication.class]
00:29:23.963 [Test worker] INFO org.springframework.boot.test.context.SpringBootTestContextBootstrapper -- Found @SpringBootConfiguration com.mercedesbenz.carenquiry.CarenquiryApplication for test class com.mercedesbenz.carenquiry.CarControllerTest
00:29:24.199 [Test worker] DEBUG org.springframework.boot.test.context.SpringBootTestContextBootstrapper -- Using TestExecutionListeners for test class [CarControllerTest]: [ServletTestExecutionListener, DirtiesContextBeforeModesTestExecutionListener, ApplicationEventsTestExecutionListener, MockitoTestExecutionListener, DependencyInjectionTestExecutionListener, DirtiesContextTestExecutionListener, TransactionalTestExecutionListener, SqlScriptsTestExecutionListener, EventPublishingTestExecutionListener, RestDocsTestExecutionListener, MockRestServiceServerResetTestExecutionListener, MockMvcPrintOnlyOnFailureTestExecutionListener, WebDriverTestExecutionListener, MockWebServiceServerTestExecutionListener, ResetMocksTestExecutionListener]
00:29:24.203 [Test worker] DEBUG org.springframework.test.context.support.AbstractDirtiesContextTestExecutionListener -- Before test class: class [CarControllerTest], class annotated with @DirtiesContext [false] with mode [null]

  .   ____          _            __ _ _
 /\\ / ___'_ __ _ _(_)_ __  __ _ \ \ \ \
( ( )\___ | '_ | '_| | '_ \/ _` | \ \ \ \
 \\/  ___)| |_)| | | | | || (_| |  ) ) ) )
  '  |____| .__|_| |_|_| |_\__, | / / / /
 =========|_|==============|___/=/_/_/_/
 :: Spring Boot ::                (v3.0.6)

2023-05-18T00:29:25.219+05:30  INFO 22300 --- [    Test worker] c.m.carenquiry.CarControllerTest         : Starting CarControllerTest using Java 17.0.6 with PID 22300 (started by SRHARIH in C:\Users\srharih\Downloads\springboot-gradle-personal-git\springboot-gradle)
2023-05-18T00:29:25.222+05:30  INFO 22300 --- [    Test worker] c.m.carenquiry.CarControllerTest         : No active profile set, falling back to 1 default profile: "default"
2023-05-18T00:29:26.399+05:30  INFO 22300 --- [    Test worker] .s.d.r.c.RepositoryConfigurationDelegate : Bootstrapping Spring Data JPA repositories in DEFAULT mode.
2023-05-18T00:29:26.493+05:30  INFO 22300 --- [    Test worker] .s.d.r.c.RepositoryConfigurationDelegate : Finished Spring Data repository scanning in 81 ms. Found 1 JPA repository interfaces.
2023-05-18T00:29:27.210+05:30  INFO 22300 --- [    Test worker] o.hibernate.jpa.internal.util.LogHelper  : HHH000204: Processing PersistenceUnitInfo [name: default]
2023-05-18T00:29:27.305+05:30  INFO 22300 --- [    Test worker] org.hibernate.Version                    : HHH000412: Hibernate ORM core version 6.1.7.Final
2023-05-18T00:29:27.858+05:30  INFO 22300 --- [    Test worker] com.zaxxer.hikari.HikariDataSource       : HikariPool-1 - Starting...
2023-05-18T00:29:28.160+05:30  INFO 22300 --- [    Test worker] com.zaxxer.hikari.pool.HikariPool        : HikariPool-1 - Added connection org.postgresql.jdbc.PgConnection@396ea7ab
2023-05-18T00:29:28.165+05:30  INFO 22300 --- [    Test worker] com.zaxxer.hikari.HikariDataSource       : HikariPool-1 - Start completed.
2023-05-18T00:29:28.257+05:30  INFO 22300 --- [    Test worker] SQL dialect                              : HHH000400: Using dialect: org.hibernate.dialect.PostgreSQLDialect
2023-05-18T00:29:30.002+05:30  INFO 22300 --- [    Test worker] o.h.e.t.j.p.i.JtaPlatformInitiator       : HHH000490: Using JtaPlatform implementation: [org.hibernate.engine.transaction.jta.platform.internal.NoJtaPlatform]
2023-05-18T00:29:30.015+05:30  INFO 22300 --- [    Test worker] j.LocalContainerEntityManagerFactoryBean : Initialized JPA EntityManagerFactory for persistence unit 'default'
2023-05-18T00:29:30.869+05:30  WARN 22300 --- [    Test worker] JpaBaseConfiguration$JpaWebConfiguration : spring.jpa.open-in-view is enabled by default. Therefore, database queries may be performed during view rendering. Explicitly configure spring.jpa.open-in-view to disable this warning
2023-05-18T00:29:31.233+05:30  INFO 22300 --- [    Test worker] o.s.b.a.w.s.WelcomePageHandlerMapping    : Adding welcome page: class path resource [static/index.html]
2023-05-18T00:29:33.033+05:30  INFO 22300 --- [    Test worker] o.s.b.t.m.w.SpringBootMockServletContext : Initializing Spring TestDispatcherServlet ''
2023-05-18T00:29:33.033+05:30  INFO 22300 --- [    Test worker] o.s.t.web.servlet.TestDispatcherServlet  : Initializing Servlet ''
2023-05-18T00:29:33.038+05:30  INFO 22300 --- [    Test worker] o.s.t.web.servlet.TestDispatcherServlet  : Completed initialization in 0 ms
2023-05-18T00:29:33.075+05:30  INFO 22300 --- [    Test worker] c.m.carenquiry.CarControllerTest         : Started CarControllerTest in 8.396 seconds (process running for 11.301)

MockHttpServletRequest:
      HTTP Method = DELETE
      Request URI = /api/v1/cars/90
       Parameters = {}
          Headers = []
             Body = null
    Session Attrs = {}

Handler:
             Type = com.mercedesbenz.carenquiry.controller.CarController
           Method = com.mercedesbenz.carenquiry.controller.CarController#deleteCar(int)

Async:
    Async started = false
     Async result = null

Resolved Exception:
             Type = null

ModelAndView:
        View name = null
             View = null
            Model = null

FlashMap:
       Attributes = null

MockHttpServletResponse:
           Status = 404
    Error message = null
          Headers = [Vary:"Origin", "Access-Control-Request-Method", "Access-Control-Request-Headers", Content-Type:"text/plain;charset=UTF-8", Content-Length:"13"]
     Content type = text/plain;charset=UTF-8
             Body = Car Not found
    Forwarded URL = null
   Redirected URL = null
          Cookies = []

MockHttpServletRequest:
      HTTP Method = PUT
      Request URI = /api/v1/cars/30
       Parameters = {}
          Headers = [Content-Type:"application/json;charset=UTF-8", Content-Length:"63"]
             Body = {"id":null,"carname":"Mazdaa","carimage":null,"carprice":10000}
    Session Attrs = {}

Handler:
             Type = com.mercedesbenz.carenquiry.controller.CarController
           Method = com.mercedesbenz.carenquiry.controller.CarController#updateCarById(int, Cars)

Async:
    Async started = false
     Async result = null

Resolved Exception:
             Type = null

ModelAndView:
        View name = null
             View = null
            Model = null

FlashMap:
       Attributes = null

MockHttpServletResponse:
           Status = 409
    Error message = null
          Headers = [Vary:"Origin", "Access-Control-Request-Method", "Access-Control-Request-Headers", Content-Type:"text/plain;charset=UTF-8", Content-Length:"55"]
     Content type = text/plain;charset=UTF-8
             Body = please enter the following details correctly
car image

    Forwarded URL = null
   Redirected URL = null
          Cookies = []

MockHttpServletRequest:
      HTTP Method = PUT
      Request URI = /api/v1/cars/30
       Parameters = {}
          Headers = [Content-Type:"application/json;charset=UTF-8", Content-Length:"81"]
             Body = {"id":null,"carname":"Mazdaa","carimage":"https://image.com/Mazda","carprice":10}
    Session Attrs = {}

Handler:
             Type = com.mercedesbenz.carenquiry.controller.CarController
           Method = com.mercedesbenz.carenquiry.controller.CarController#updateCarById(int, Cars)

Async:
    Async started = false
     Async result = null

Resolved Exception:
             Type = null

ModelAndView:
        View name = null
             View = null
            Model = null

FlashMap:
       Attributes = null

MockHttpServletResponse:
           Status = 409
    Error message = null
          Headers = [Vary:"Origin", "Access-Control-Request-Method", "Access-Control-Request-Headers", Content-Type:"text/plain;charset=UTF-8", Content-Length:"55"]
     Content type = text/plain;charset=UTF-8
             Body = please enter the following details correctly
car price

    Forwarded URL = null
   Redirected URL = null
          Cookies = []

MockHttpServletRequest:
      HTTP Method = POST
      Request URI = /api/v1/cars/createcar
       Parameters = {}
          Headers = [Content-Type:"application/json;charset=UTF-8", Content-Length:"67"]
             Body = {"id":null,"carname":null,"carimage":"random.jpg","carprice":10000}
    Session Attrs = {}

Handler:
             Type = com.mercedesbenz.carenquiry.controller.CarController
           Method = com.mercedesbenz.carenquiry.controller.CarController#Createcar(Cars)

Async:
    Async started = false
     Async result = null

Resolved Exception:
             Type = null

ModelAndView:
        View name = null
             View = null
            Model = null

FlashMap:
       Attributes = null

MockHttpServletResponse:
           Status = 409
    Error message = null
          Headers = [Vary:"Origin", "Access-Control-Request-Method", "Access-Control-Request-Headers", Content-Type:"text/plain;charset=UTF-8", Content-Length:"54"]
     Content type = text/plain;charset=UTF-8
             Body = please enter the following details correctly
car name

    Forwarded URL = null
   Redirected URL = null
          Cookies = []

MockHttpServletRequest:
      HTTP Method = GET
      Request URI = /api/v1/cars
       Parameters = {}
          Headers = []
             Body = null
    Session Attrs = {}

Handler:
             Type = com.mercedesbenz.carenquiry.controller.CarController
           Method = com.mercedesbenz.carenquiry.controller.CarController#findAllCars()

Async:
    Async started = false
     Async result = null

Resolved Exception:
             Type = null

ModelAndView:
        View name = null
             View = null
            Model = null

FlashMap:
       Attributes = null

MockHttpServletResponse:
           Status = 200
    Error message = null
          Headers = [Vary:"Origin", "Access-Control-Request-Method", "Access-Control-Request-Headers", Content-Type:"application/json"]
     Content type = application/json
             Body = [{"id":50,"carname":"Benz C Class","carimage":"data:image/jpeg;base64,/9j/4AAQSkZJRgABAQAAAQABAAD/2wCEAAoHCBYWFRgVFRYYGBgYGhkaGBgaHBgaGhgZGBgZGhgYGhgcIS4lHB4rIRgYJjgmKy8xNTU1GiQ7QDszPy40NTEBDAwMEA8QGhISHjQsISE0NDQ0NDQ0NDQ0NDQ0NDQ0NDQ0NDQ0NDQ0NDQ0NDQ0NDQ0NDQ0NDQ0NDQ0NDQ0NDQ0NP/AABEIAKgBLAMBIgACEQEDEQH/xAAbAAABBQEBAAAAAAAAAAAAAAAAAQIDBAUGB//EAEMQAAEDAgMFBQcBBgQEBwAAAAEAAhEDIQQSMQVBUWFxE4GRobEGIjJCUsHR8BQjYnKC4RUzU5KistLxBxY0Q0Rzk//EABkBAQEBAQEBAAAAAAAAAAAAAAABAgMFBP/EACMRAQEBAAIBBQACAwAAAAAAAAABEQISIQMTMUFRYaEFcYH/2gAMAwEAAhEDEQA/ANmUqruckLytsLQTXVAFCyoQh753QgsAylhVAU9rygsQlCriqVJTe06mEE7XpwcFXe8DmmiqFF3F2EKu2rzUgei6kSpAhFLCIQkQKhCFAIQhAJyahA5CanIBKkQgVCRKgEIQgVCRKgEIQgVCRCIWEIQgxLoDSgPOiQPK0ydlhKAm5+N0FyBUsJgShA4pSE3MguQACflKZmSF3NBI4QlZUUJfKSUNWm4ghSNxXFVAUoKLrTDkqzw8jQp3buUXV5CqsxXEKxTqBwsoupE1CEU5CahEOQmoQOQmpZQKlSShAqEiECyllNSoFRKRCBUIRKIVCRCDFAQ4JC5I4qgJQmhKqyUJUjQnhA1wQkKJQKEir18W1pyiXP1yjWBqSdGgbydFlV9ol3zFw4U3ZWd9SC5/RoA4OQrZrV2M+N7W9SAqL9u0BYPBP8IJWZSLxDmMa3mym1x6ipUD3/8AGlxWPxLGFxq4gDQfvKoHcMyM9ouv9oqLdc3+2PUpzPabDne4c8v4WPgdqYky44ivwH72p3/NzjuVp20Hv/zW06o0ioxjjfUio0CoDzDwi9sarNvUDo+f1wT/APHKP1Lk9tbHYWHEYbMAyO0pOOZ1OTAe10DPTJIEkS0kTMyuVfVOsmPTkpYsr1b/AB2j9Xp+UrNuUdz15O2rzPirWFoveYY1zvGO87kOz1ilt+lverLNsUT84Xkb2FpINiDBvNxuTqY5melvVMOz2AbQpn5x5p7MUxxhr2k8JE+Gq8nwjiSBJBJAF419FsGhUaPeDyOuYeCdTvJ8vRkLgcPjKrINKqRHyPGameWst/pjvW7s72la4hlZvZvOkmWP/kfoehgpizlK6FCa14Kco0EIQqBCEKBZSymoQOQmpZRDkJicgVKmpUGHKRKhVkgSoSgKrgBTpQFXxOMYz4jfgNVFSvIFzZZWJ2iXZgwhrGiX1Do0EwIGpJJAAFyTbis/H7Rc8wLN3Ab/AMlWcZsyq0spCm9wY1r3kMeQ6q9k6xByMc1g4HP9RVZZ9dxcC0AgOIAabue6fddUI+IyZy/C3deXHSp4VlINzDMYsNwhR0tn187YpPES6Sx8SBAvl5lXauDravY4mNzSPsozZop49pIBBE77Qsj2mry9rNzRmPU6eXqrFSm4atcOohYeJq53kuN3EDxMegCak4yXWjgaYAYD1PU39Sp300MGp+kZu4cFz+0NpYhziKYyjkJPeSquOkw2I7M5g0O3Fp+F7XAtex43sc0kEfhcr7S7KbQqS2TRqjPTcdQ0kiHH62OBY7pO8JMNVxbSHOzOZNw4W7jFjqtXt2VmVMM86ntMOTuqBoD6fIPaAI+tjOKLI5ClRc5wYPiJAHfv6LsMHSFBzGCcjxBn/UAkHlmAP+0LmcO7I9rtS0yP4mxp1gq5i9qvfYENbLSAACZaQQc3GRyUvhnlLf8ASIvzEn6iT4mVe2Zhg8uYbS05TwcCCD5R3rNpugXLfFa2ycWxj5e5omwdmEDqPuprVnjwoteQSDYgweRC67Yu0M7IJ95tjz4FcrtZzO1LmOa4Og+6QYOhFuk96l2ViHMeHQYNnQDofxY9y1K58uOx2z8Ix4kiHfULHv4rPxmBLQQ9oew74t3jceasUMcwfOPFXmbQp/WzxCWs8djEwu06uG+qrQ4EzUpjkfmaOei63AbTZVYHscHt8weBG4rBxNOmfeY9jT9OZsHpexWBUoPYTVwzixxHvsaRDhxaNJ5fonbjyekCuE4VRxXF+zPtGah7Os4F3yvs3NycNM3TwXVKeGtXGvB0TlSBUza3FF1OlTGvB3pZQOQkRKgVCESgdKE1CDGCVNa9OagITgkUeIflY53BpPgEFLauOLRlZqdT+FzdWoSoauLM3MprXk71Z4S5b4Bef15JjsWJgkz1Pqm16kd9j+vFUKVNjDIF+ZJ9SmpjVD+viVK3FPGj3jo94+6zf2tOGKV0abdpVx8OIrjpVqD0cnu2/iW/FiX/ANbg/wD55WT+1BVcZneZa5oHAj7hTTHRN27XIMupPDhBzUKBBB1EtYJC5yrssF2bS5OUEgCdw3x3qzhnhrYmbndx71MKo4qiChhWN+P9pj+Cqz0dT8lj0H/vcsubDoByy5oB1IESR3LoM44qqzBNa81ATJkxNr6qYunbVFJ1R5YZYXEtOUtsTPwm471nBgE2aerQfNbGUaJhoNO4K6mM9uJA1YzuEKzT2lT+anHSCnvwbeYVSrhY0KI0mY6geA/maR5hXaeKkQwtP8rhPhMrl30iFXfbUIOrrYl4+Zw6qIbRePia145FzSucp7Qe2zXuA4EyPA2Uw2sT8bGu5j3T5W8kMdLS21Q0exzD/FnI/wBzSfNXxXokB2RjhudOdvjJC4w4xjt5HJw+4UbamU5mOLTxadevFFd6MVQJk02TxDW/hXqe0/peOQcAR5QfNeeDHO3xPEWTm448VMNekN2u4fEwOHFjr/7XflWsPtSm85Q6HfS4ZXeB17pXm1HbDm756rTw+O7RrjkLgyC6xIbwJO7Qpi69AbWbMTfhofAp+criMNteBlLszeDrx0OvitDD7Yj4XW+l1x3HUJhrqG1TxS9qVn4XaLHiQY4g7j1VvMipXVzCYKhSIAQOFYp2cpgAT5CCgcO4QntaeCkIIN5Tg6Fz2t3jERBWVt3E5aRG9xjuFz+ua3MwPVc57YwGMP8AEfMf2WpWeXHHJPddZ+K2mWnK2egt4lTYupDCRqs/D0IM79ZPyjeVdZkWGYlzviDh1/KUvVzE7Le2iyuYdTeYkatMuAkbgcjoPTSQqDxZCw7NzSzzTWfyp/u8E0wmbmjMUOa39Sl7MJphM5SioU0s5pMnNNMSdqUvblRZTxQWnkmmLLcSVYo4iVnEHgh7yB1V0xfxW02MsLn9blTbtFrjcwqdHBz7zyQNw3u58grTaOYfu6TnDQFrXOmOYF1Oy9VljJ0hXsBhaZcCWh5EE06hcAbj6HNJHesTC4jKY8uHJaJcD9jvHerupmOrOEw7gC/ZdMSTBZWr0jNp93M6NR4q072EwjwHOoYzD5rDK6lVZP8AW1rlzWA2lWYA3MXtHwgvLSBwmCI7l0mG9tK7QA5hI+rtMzh4sAcORjqEy/Rs+0GI/wDCZxE0cS0jcK1KpSt/PLmlczt32MxODaH1mtyOMNex7XtJ3WBzeS1Nr+0eKqvaTUeWg3aSGi2gs4kjjdUtq43EYjK/E1MzaYIY1oAYwa+61oAnS8bgknItjGGyzlzl7Q36nEN1mB72+xtrYpnY0v8AWZ3Nq/8ARC08T2FVlM9o6mG5mlpY54z6Z5bxaGW/hOskqKnsvCn/AOW0daFc6X3Dg035FLSRUFOj/rN6BtWfNi0Nl4bOXfs/bugQ/s2QMvB5L2iORUf+DYU2/wAQpD+ajihy+hdTj2M/Z8Bg8C9tRmZ9bE1Rmp03OY5svqPcBla0F2unuxJhTtVyOXxGIp03FjxWa4bixunH/MuOiG7So/U/vYR6ErV2hs2lia+KecQynhmvfUpVy0vbD3wKYY33pM6RPugxdZn+GYIH/wBY9+/3MO/dc/G5tuZTtTI09iY+magYKjYdYmHgNE3cZaJA1MTadwK9He6i5g7IQGBoBOr2wPfI3EmfBeU7NoYYV6YpOrOfnaBnZTYw5jBDyHuIZlJmxtK6LZjnMc17HjI8A3acxBiJOaJtw3lNMx1QKUlK3iEuVUMlLKXKlyomJqtduWSJ5KDsmkAg68VVdU3I3TuXGccd7y35izUaQsfb+Gz0v5TPkR6kLU7UqLEMzscw2zAiRqDuK1NZuV5ltPDkDdE6/ruU+AwjH0niRnzTu+ADLB/hMuvuMTZWtu7PqMbD26EEPHwug8dxItBWdgNj1qjw+kS0MALnwcoB0aAPic6YDBrPBWMWYfiMUWMw1MmzXPa8XjL7rXSP5T3SVVdTyyHbiWnq0mPRbzqmHD2B4ZlDbZmudub7rnNdBgW0OmqyMSQTVIgDtDHADMdBwhKIA0JCwbvNAB3Ob5/cIDDyPePSU8mQ0tSFqe5juB7gVGXRy6ptTILokpM3NBKumFzJCUSmynhfKZgSZBnAOgBJ6DX8d6aw34pxPxHkB6n7BQWjg39m7EvZ7gf2Y0Iafqcze0WAm0687nsdtOtSxhe5xc+nTrFpdeDkLQWzugmN107Ae0bGgUXtytYCwPaM0tkyKjPmbrpe56qXZ2zmurF1BzWZgGsDiTTfnLcwpvAn4Wu903aYQiP2t2qzE4yo1zWMAy02PaAMhY0NBcRdzS4GZmBcRBBw8zmEtcILSQRwIMEW5rRpezz6tV7n1aNMl7ic1RjiDmv7rSZIM2JCPa7AdhiCwVG1fcpuL2ggOJYATBJvLb3VhfKHD4hXn4psXOug1J6AXK5tjjMZo58FcbUaOh1JJBd1IabchZalxnrqeriL2a89w+5UmE2waZkscRvBa1zTyLTYhQvxDBaRu0cSJgSfh6qB9dp0/wCb+ydqdYjGOaHuLGwxx+B2msjTSDodylbXonUObbQ+9ujUEbraKtVym58VWETqstNfNTPztN597MCTObXLx5qzSqtFM0XFrmEh1qgaWuAHvAusZi4IiV1nsls3Cvw1N1c5H3+RhkZ3CSS0mfwp8JgKHaQ6zMtNwcKTQblvaNcA0w65iJjmuHL1pxuZ/b0/S/xt9Tj2l+t+HGl7Gs7Nga1uYPcX1GOdUc0ENzZLBrcziG8TJJsq4qUwIzg7oaCZHOcoXf0GUnMuIfBkkOjNLwCAGG1mEjcHHooNpmh+yVBLu27I2AcG5oEi4AJibacLwpPX2yZ/bfqf4u8ONt5fH8OI/awAcjYJBBeYJhwIdlAAAkEjfY9Vbw22XtDWgN90ACZ/KxGBwF2u6wY8VZo1gN3kD6r6HkvWNiYrtKLHkQSDI3SCRblZXFl+zTCMNTkRIJiwgOcSLADcVqFUBRmSSkVFfsBqZlSBhylKxxIvIduFhbemvw82zOHR3r+F83f9duv4YGuGoTyLXtwmyrfsLjcudB57+OY23qscC/5TF94t3+S33n6z1v4uOLXgskEEEG4i4g30Xn9XadWlhn4dtnZnMe/6W6OyncXQQXfSABqV1WIw2IBsxr43tJvppMLm9obOrl5e2i6T8QAmefBanKfrNl/FXamGaGYY/TSaTG85WEt8SFWZT9wg6uk96lxNOqIa9lQBmjcj7eAhQOc/QU6htua7Tw5qcr+EjNYx5nKC7LEgCddPRX6OycS5ocKLi06H3QT3Egq5supiaYdkw9Ql5lxyuB3wLjQX8Spa22cW27qThG8yrsTKyn4Ku3WjUHRjiPESEgFUfK8dzx9lbPtLiYgtHh+U1vtNXHyjwVRSdXdvHiB9wk/aRvDfT0V3/wAz1h8rfBMPtNV3tbHRBVFZvDwJ+8pwc0/V4g/ZSO2+4/8AtU+pbPqoqu1w4EGjTE72gNI6ECyYFzt4nw/upGuEWINxx6fdZHbO+oqxh8SQRJsbG3mg672d9l6mJrPqNIp0mEB9RwzyX3a2mwXfUMgBo387HaxtRlKu7BUwHPDXvbTaR+7fTpOc4Vns/wAyo9rILGw1kNbJgrF2V7R1qFN7aRipBbTcY/dh0hzmA/OQTB5noc32UxPY4+jWrSB2kGb/AByw332cUU/aW18ThsRVotdkDXuhrW07iSQbMvMz3qltXE1a7w6oS5+VocbCIExbhJW57XhjsQ2r7pljQ5pu4vYAzMeAIAPce7mMXQJlx468yrqHM2c88B1VkYJjWnPVync0NLwe+2XfxWa3CPjM0Et4g6dUMo1D80cy4D7qzE8pHuYPmn+k/lFMF14gKZuAqxHaNAP8ZjlKk/wOo7WpTMaS558PdTTCOwj/AKHDmWnyEKE4CvrkqRxDXx5CFbp+zjvnqMb0l3lZXGeyTTriGt/oP/Upb+kkZDcLX094RuJLfXmmuw1Te5vfUaPUrdreyDQxzmYljnAHKwta3MRuzF8Dfdco5pBgiCNxUmV07cvjVo4Q/Uz/APRn/UnfsWhL2Af/AGUyfAPJVGUoJVZ2tE4NguKzAf6reAWnsFtNzy13vutlyCoQe4Cx5RCzMFg3VHNYxsuO4DxJO4c16tsjZ7MPSZTsIEuflIc50ybRpfedyxy5dV48damGDAxmaAcoGTMSbWFm6aKSswNG4TETNvNRdo2A4OnjYwR1GhThBgiCOLc3fZcu1desPFVvCSY3tjukoY8bxfu/CiYwA2IAveLdLC+/gglotJ7gYTTE/vxEXndv5kfrfooGGSRv4X8bBTvn5rSd1562UbhcCIgzuhyxGrDXMjnefiAggcI1/KdlGgYBzOXzO5StAywdBpadTfmkLxuHiPWO5Li4Q0on3W6a2keShFIwPdFj431jh4q046b/AAHhxKe0SLAd/qpq4pOpEkHKOgP5CaGDQM9Dv5CyuAwTOm4i6c0DfpBTwmVnvon6SRwAae/cUNwzdCyTAsRv6ytAkCLX4md6b2rT7pcTx3+uiqs47Jpk3Y0Hm0ddSfNQu2BRJvSb4D9ei2WgfLJG7dHC5TdLkHxOvcFP+mfww3ezNAg/uWdIb6qvU9kMM75IOlv7FdKRYWPMmeKaBBu6eA0EcZV7WfZ1l+nJP9hqB+Vw5ZvDVQVPYGgfhe9tpgkcd/urt8g1nuCMkC0807cv1OnH8eeVv/D4fLU8R91RqewNX5S099/ML1AAREHw+8pCG3gHuF1qepyZvp8Xlp9lMUwR2ZdGhDmzHC5uEwbHxQt2T7fq1/Reqhs3v5pQxu+3f+Vfdqe1HkdTZOJBl1CqT/I4jrO9Q4rZ+JIyihUA/lXsOYD9Aj1SEEC58Br3Ke5V9uPD3bBxJP8Akv8ABI72fxI1ov8ABe4NYZ3+DUuQEfiD5rXu09qPDhsHE/6L/BPGwMT/AKTh4D7r210D+Luju3pW07aADhHHqp73L+D2o8SGwcTrkd4j8qRmyMWDAa7xH5XtTaPAelh0QWtAl2UAbzuU97kezxeO0dm43cHf8PRLW9nsVUu5oJ4xB6EgL2FrAfhgjiNP+6c2mJgj7d3JL63I9ri8cp+x1c6wO5x+ytUfYup9R7m/cmy9bNATp0i5TTTjUE9zVPc5r7fFxuw9ivoA5Q2TvymTHEmZ8VrtZUJkiOt53/rotsAcO6PwbqOoDwv1/sVm22+W5OMnhniifmaJ5AfdPbhxvtyt9ldjQRHfI8UuXW0jd15ptTIqGgI/uY3fhRPwjZ0J55nK48x8s8rfrioxHTlKstSyJ6hbF4B3E/YSnNjrF7SPzCgbUAE/F1bp5/ZRdoSYBcOckAA8lJFvJbBZyvwKRjJuGyNxt9lTDDm1mefpxSmxJAJOkEkDuCvVnstl7YvbuSUnt0BB8yqtNkj3gZ63M75KDT8N1xuTrDtV1zwLjw0CR1Xfw5T6Ku5sgTltpv8ANR4h7hb3YOukpOMW8rFqpU3yQCLEh3lIS0a0Aw0Oj9Rf8KmwkwCIE8XeMKZlUi0PIvYEgpeMiTlasNxQOoaOVh5hQPdqZH9I3d7ikaADLZba5N9dyje1rYPj/cWTIu1ZNe4949InzTajwZmSDxzEeqrPrxJBb0g+cJRUmJI4fEYPSydcTtqUvsPdG6dR4BPzgz7zt1t3cq+doNzfqT5KR1UReJ5xfgmLqZlTdmEdUlSszVzx5egVZ2KYwmG34ZZ9AnuxIfZrQP6CnVOyenUa4yHkgHlHonVQ07gYO8aHioO0y2JEHhx5pHAu+Y8bAHyAUxrsnbUA1IPl13o7VpOo8QoKFANJvc62A8wErsKNSJjRMhtTB7ZJaNbEjelNQ7h42VVjHA/A3qDcKZsjSBxOqWLKdUq2Oon9cFEyveJ6kiR4Jznjc4E7xNu4JlPMToA3iDfyCrNqyHjl4fZHaXtPT9BQOYZsf11Tjex8dFMa2nF8mIcBzBH3TxVidO8H8qtF4Go4zp1Sl8X8UxNWM5Mw7LI3A/lRuL5jP3lu7vKqPgnVx3WzC2+6kZXA0Y6d071rGdWe0dYEnu0Tg1w3gDvPqq5rO1yT0ICa2sSD7hHeNVOtXYsP1489Y7iddFG03uZjuHlr3yo2Vn7290hOgawR1LiN+7RMw3fhM7iACfCybkHBviEA7gZPNJndwWVZznk2a6OWqeWvcLuaO6UIXVzFEBvyiZgOFoSPoH63Hlb1KEKaiWm1se8wE8zfyMKSnHAAb+KEKX4a4/JalQEnLIHEqLLNteZAQhI1S9o8W1HCRHeApu2MHiOY9EIUv2kNLuqhcBqQSb638kISfJy+Ds7DEie5R1WixHpPqhCoa2pItI5whzxEiC7ohC31jGnZ3x8Q6zEdeKge91rk9CEIWZ8tJzUMD4R3yUjKg3vdPS3ohCIlNbeCfBSirbeUiFlsjKhPIJHgCJvzvPdCEKfZ9FdB06WN+SGVI1shCoVtZvHdwshtQTrPchCVJTqjGHXXiSqlLCskkXPQ26IQkvhqyasCmBpYdUprbgCfBCESkFQm+XzSsc46kjkhCVIM31EDh/3lK2LXJHJIhFRtaNcoB3GbpnvcvH+yEKxl/9k=","carprice":8000},{"id":51,"carname":"Benz AMG GT","carimage":"data:image/jpeg;base64,/9j/4AAQSkZJRgABAQAAAQABAAD/2wCEAAoHCBYWFRgVFRYZGBgYGhgZGBgaHBgYGhkYGBgaGhgYGBocIS4lHB4rIRgYJjgmKy8xNTU1GiQ7QDs0Py40NTEBDAwMEA8QHhISHjErJCE0NDQ0NDQxNDQ0NDQ0NDQ0NDQ0NDQxMTQ0NDQ0NDE0NDQ0NDQ0NDQ0MTQ0NDQ0NDQ0NP/AABEIAKgBLAMBIgACEQEDEQH/xAAbAAABBQEBAAAAAAAAAAAAAAAFAAECAwQGB//EAEUQAAIBAgMDCAcGBAUDBQEAAAECAAMRBBIhBTFBE1FhcYGRobEGIjJCUsHRFGJygpLwBxWi4SNDVLLCM9LxFyRTg+IW/8QAGQEBAQEBAQEAAAAAAAAAAAAAAAECAwQF/8QAJhEAAgIBAwQCAgMAAAAAAAAAAAECERIDITEEE0FRImFCoRSR4f/aAAwDAQACEQMRAD8A8loVSG3+F4Qp1iN4H6ZTSwvrD1YVGGA4eB+k4uSNIzJX14dzTPiXGbfbqB+sMUaA6O4/SV4vDAkaX75lyDBYQke33gxmoMffU90JDD24EdQM1UaIA3d6a+czmjBzVWkd2nYZQUnUYuiDpkv1AQNXwYB9lpuOonsDBl6fKGdmuMtrXgll4BT2zfstGsfmJtlR0WEdeNgek2mrEWy6BYPwyn92l1UNY3GnZ9JxmjQ4U20y+H1meo2++QH8wlVKuBoVt3TVRZTzeBnn3Rgz08KWBPqnqMpfCMNwbvNoVQC5AdRpzSirRY+y48Z1hM2mCXBG/Sx5h85poVxYAWv0qJnxOCbUl79v1lKVAm8+I+QnSW/BGFwjngCOpvlL8PTqLcrYdjfMQdhtok7hfvhPDYluC69GaeZuUXuiWX1aWIYe92L9VnN7QosCwbNfptOo9Yj1g3YfqIKxuFvqEPfO0Jo0mAcCxzWAPnDCVLWB8j9Jmw2Hyk5hbt1lzKnE9953bsIniHa/vDw85rwNMEeuz9Qt530gnEYoA+6etZUmPPwpb8w8jMNCw7XNFbixvzlk8gDAjsCSM/cJpo4oGwso/UfMy2tTUj3fCZbXopiTBknRvH+0hicAwH95rWhzMe+aTgHYaMO9ZjOnyYOaVSGhGjiQN636o+IwboeGn3vpMzYw7tBPRGSktip0aMTj0+A+UzKzOfUsPxHy55RVq3O75SVIs1go85pJBuwzh6VWwzOgHMC4+ktqoxHs5rc2c+RmHD4F7b/EKfKFaDMBYqessvznOVXsZOdx11O5R0Wuf6pgzTp8egIJzAdRQmAHp68e7+06KV8lN6Egj5hoVpYk23juPzE3pscg7gfymbqezef/AJD5zx96BtIG0cUeIHaBNb4pQLlO630hBNngbwD3xV9nqRogk78SNMBNib7gO2/ylJxlvh7j9IabAKPdt+n6Sh9nc2vWF+kw9SLM4sDPWudyeMhVS/BR3mHl2f0D9K/SXDZYO9V/SsmaQxZyow193k31hHA4WwNyvc0N/wAqT4B2CSXBKu5D4y90YsE6KfcPf8xHeoCNwhHEUgPc8xMzMN2Uj82k13LFMEoCDoB3TXSJ3lV7SB5mT5IE+1aXJg77mmXJEJ0Kov7AA5wR9JodFO4qOs/2lSYM/CD3j5y3+XufZQd5mVJI0kzBicCWvbL13/tBOJ2QT7w/q/7Z032GoBqhPR+7ynknH+X/AEg+azotRrhhp+jkXwwTQMSfzfSX4J3v71umGsRWqagUD15P7CUrQrPoabj8oXyM25NrdGaYQwdNmGr27vrCAwSke3r++YwLSpBD67hegsL9wN452lTXcS34VPztOHbm38b/AKKnQTq7MHBrnovKjhXG9GbmsSPnBlbbOllpt+Zsv1mT+am+5Ael7+Rnpjo6rW6LkjdWwrm96NQdv94BxuFKm6qy/iYfIwr/ADhuJp9tz5GPQxz1WKAU2AXMSEPPoBe3MZ0jpaifH7M5IHYKk55usG/zh7D4AEXJHgfnBv2oJcG1gdcq5RobHX+0KYB0qCyOS3MX8rCxnLVjJFRVWwqL76yqmeCvfv8A+2EH2I7niOn9mSo+jzKdWv1D/wDU8zqt2axYKbCOTvv3/WYq2CKtYgW/fTO0pbKUW9QntleM2abHKgv4zppa6Wwxo5WlspS2p0P4Pm0L4PZFNCDa/iPCZXwtZW1ViOgWtN9BSRqX6rH6TpLUa3TJv6HxOMRNydyE/wC4wNUru7XCvb8IUeGghgo4OiM3Wp+k0UBUO+k3iB4iTvyezQwYCGBZhqlQfn085UcKg0KG/wCL+0PV9nVG3KR2IflMR9H6/wATf0DwvNZ/YcZejqvtQPGSXEfe8BBnL/uwk1qfvKJ81wNZMKDEjo/SI/2heYdwgvluf/bFn6+6Z7RrNhcVF+Ed0chOYdxgdXHT3GWLUHN4GFBryXMJ5E5h3GLIn7EFGr1dzRCqOYdzS0/YzDConV3SWVP2FgcVx8AP5Xk+WHwr3GROS8lyQSOTifBfrIMlLm8FmMVV+FY4qoeC+E3GbXlksuOGo33D9Kya4enwHgszF04Ff6fpJBjwy+H0m8pewma1pjgB3CTt0LMwqMPeWPy5HHwi2/JcjQR+Hxgram1qVHR2Ba18i5i1uc6gDttB+2fSDKClM66gvbdbeF5yOfcOk3tzVPBvXtmOVL3zG92vvN97dZnr0tB1lN0jEtWuDXjvTdtRTQL0ksx694A7jOfxfpBWqaO7EcxNh3CwnXJsLD2Hq5rfETYnquB4XnK7fwqCoVpqFC6G24tx6rbp7YwjdRRx7t8lCPc6VL6X0UjX4f7y5q49VVDluNyLE8wAFx13MwKuTcdZU7nnnoXxRl7lz4kylq5k8MFPthiTuAvr2DWEsNhGb2KRXpYBfM3mZTZcUgSrk7od9GCRWF/hv/VMeO2dVBzFTlA1K2YDpOUnKOkzb6L0/wDFPMqG56SdB5xFtstKgn6R7Eeg4qqVK1M7qRwBc2V13c2v0g7DpY5fZLWYMt8oJ9lhza7xO/x3pFTOEFF7gF8hfLmyqrXAtvuWW3V1QC20sKiqQddb52103HIgbQ9LDjMPTTd2SmT2H6Tup5HE2BGiud3QGPznRVMV0juJnGbQxdKqlTIpZrDIcuXKQRfnJBFxa9teeaNhbVyqKdU2AACs2tj8JPNu16e7w9R0/wCUTspuqZ1KYk9fZaXpU6JhDqOF+nT6yxH5v+R8p85m4yNunN4SDvb3fCUl25yexhKHZuc9gv5mdE7RXKjW2JI/8SLYg8/gB5we2bmJ69JUazcQOzX5Ql6JmzfUr9Mz/aR+xM61j8PykPtfQP1D6zaTMuRqWieOnafrJCn0+MxpQPR4mSOHb4j3f3mG/swaGRfj8R9ZU5Ue+PAyHJfeY/kP0jhPxdx+kX9gWVTucnqA+Ui3S57v7R8n3X/pHmYtfgPeo+ctoCD/AH/D+0sVx198iGfgFHW4+Ukwa2rjsZvkJh0C1XHN/Sxk0A+D+gzKrke9/uMtQHnc9WYDzmaijRdl+6f0j5yJHMrdyj5GT14X7SfnG5JzwFukr85U17IUlyPcA67/ACWWU3PMO4xMgGmdAejKT5THi8SE31Tf4QLsewCdY/LZIgSFQjeB0AA/WCHx7YkinQDAEXd7EMAN6rrccLneLgCxuQLx1d3YtndBa2rHXS26/NeQo7SNJWRGORxZ00yOALBWW3rLqdDpqecz6OloQik2tzMnKthqdJGswACWGUHe44M1ty8y7prsCb20HEkgeMDDENwLC/SYxN95v16zq9NydtmcQ1idooinKyFgPVAJYX4bjunKMhLXYkjeSBr42hFad+rnloIX2Rr8R1PZzTrCLjwMUjCmz0OpD9rKv/GL7JSB9gN1lz5ETUEZzYXJ75tpbMtq7W+6N/aZvdikjNTx5UWRUT8KKPO81K2Jca3A6QqfK80JlTSmgvz7z3ma8Hs6pU9ZmCrzk2HfNKJGD0wje+5N9CATYjmPOOyGtiU6NNlAUEsbFbC27eRz7u+bTsqggDVat77gLqD4FrdNpRVxWTTDpR3aElnYjnGa3lDeJUjldqO9OpUGYZWLWBAIsTcWO8Ec8O7E9H6YRnxNFFZyGU1Mo9W3AEzNVpVnbM9r89lW3VYCQfBPvLa8Tx7TOTk7tI0F8RTww0QqBzImngAIGehScsASQptdhk1sL2v19xB4xmp2GrHvlJy30F5iUn5oUjRQc09EfT4SSw7LDTshrB4jOoOZjzgc/XpA2FrZHUsthfiISp4+m1YUkAVqguqD3mBOq3NhfXS/Azy62kpRyXJpcm0qertWQerb3l6s3ytNf8oxDbkC9LMg+ZMvo+j1T3qyL+EF/oJ4FGuTphJ+ASxDc7HqJ8pFuhD12A87zpU2Gg9qq7dACqPnJfyugPddvxMfIWi0vJpaMjj8TcDWwHS1u4ACDTjFGmcf1T0MYCiNVooDzlQT3mLL0DsGk2tRF7H2cedpW3kjvHzlR2uPibxkciDVj4AecrbG0xuJ/Uglxj6OG5cceh3qx75JcUnBD2gzL9qVuntJ/wBqyxah91L9j/OTFENIxI+D99pk1xH3Qsozvwpjtt8zJoz8Qq90UvX7KWPjjwK9lz8pT9qc72PYpMvXPwZR1WMkFfi5P76BM0l4RdzMtd76Bz+W3nLuSqn4x12mmkp4keJ8yJOvSfI7oCQguxtYAX3k68+6ZUXKWMVuKMowjKLs9u3+8G43FC9hmNuLE+UzY/FlgAbnedLgQe7tzAdZuZ9LQ6alcv8ADLaCdPEsFNmCX3nS9uYc3XMTsovZtTvPE9ZmRhzuI9FELANUUDeSTuA1O+euMIrglm3EYVRTWpyyMzEeoCS4B4tpYTEEhAvhlALVlsb2IBN7bwLDpHfLhjMKC4zOSgJcZGBUBgpzAgWsSB2zeKJbBqUDL0wvbNbbcwiKH5OsysSFaygErbNva+lxwmg+kVFajUhhmzIrswLpayIztquYeypl2Bkp4N2sFW/AAa9gAnW7H/h7WqKHqeop3KCCx6+C+fVM2wPT6gtJ2p4fJXUixYhhlN9VNtDprpx4wj6O7axePrOofk6ardmp3Q66XZ950vuAO7WS7ewqie0tgLhwFORL7gWALdQ3seq8xUfRSvU9YLlT46h5NOsBvWPcJ0KY3D4fM9IAW9rE1bFmP3Xc6eJmDZ/pTXxOISnQUgrUXlSwvdAyiy3FwovY9+6V2uQmmRX0UpIozPUqOb/9JVp078M1SqLWGu656JxmesKxDOrIRnp5HLra6j2iFv7W+3VpO8xLMFFd3VUswDZ2cheVzoiogYtcZtdCd1tZwmIxH+I7lmJY39Y6i34QANSTbpA1teZtig46ErmfXTW85XaW2qSsFAy8dLses62A6N83V9pO65FYnP6ttDe/CV1Nh02zU7IWvlLswVnqa3CE6k3Bso4ARKTlsFGjdg9oJyYbKzsRcOGCqRqANxNxbn7JifEO/RM3oXTIrVMLU927LccRoR0Xup7DOxpbPQE6cZxblwbSObobPZt94bwOyALXhQKqi+gEF47bQX1UFzu0+UlLyUH7eoqNF3gdcE4rDKygKCuJooK6NYetyZuyk7y1lYgfdnQ4bZruS9XS+5ePb9PKB8PiQMRnJHq1UIB4pnYVO9GYdsqQPS1xVwDpqBuiFW+8maMDgaYRAQzEKFNzYXUWOg6QeM2oFHsoo7L+d587+HqN7tHoesgYpJ9lWbqBPlH+x1T7oX8RAPdv8IUaqTpc9UrN52j0UfybMPWZiTZnxv8ApUnxNpZ9gp8794+kvMWk7LpdJeDD1Jezy1dn39ml3rebKWxax9mmB+UCd2NooNyjwjNtHmAnz80jr2kcjT9GcQd+naBNVL0Uf3mt2n5Q+2OYyipiGPPMubNduIPT0XT3nHnL02BRXe/hE9RuYzM9V+aZykMYrwbRs7DrvYnqkvs+FG9S3WfpBTMxlRRzzxcjLdeA+lbDDdRU9evnAjek60XdQisjMyupuAq3v6tt3tWv906Sp7qrNvIBNuewvac7S26nrCrh0fOQXddGuLDMt/ZOgvvB5hPX0ibk36Oc3aoFektJlxBCXFEhSrdDq709+64XvBgKjdgCSTek7bz7WdlX/jp0Trvt1Jkej6zCz5WYZSEZg4XeSzK2Y3GmViBunNNhmXKrAhjTq+8D66M7WuND6oXUc/TPo8HIoFPnH+R13Zra/is3hCmDREZabU0Z0pNnZwWAbI7hAoa2hYBidSQQLb4P5NWtp7dBiPWB1TMD1/8ASOvTOowwFOmuLoolU1QS7sMwosfbpsi6lr39Y6EbhxEsUDsc2HrYdHRVpVKT2dFvyZD2PKICbrfJYqSbEC2+C6ldeUxLaf4gfnJ9asj3Ybty8IR226CiXWjyL1GX1QSUyqC2dUIJTMdACxB1tYDXG1P/ABamUHK6OUIXTW1RPW47gP8AzNWxRhr1VNCmt/ZNTULe+YjcDa26bKjM+IZwGBfOLWsozIylb332JFpcK1emmVbKwZr50plspVdSWDEag6A82kdyrMtRcxqm1zoFD2szA31B10sN/ZBDCgFIEkEM3AkE24bgOvtnb0dtpgMEtOmQ+JxXrVePJpqFSxsOA3mxBO+wlWysdQwwLLapiKgOeoVzFQ3tIgOi34neegaSn7SrHMmGQk+8wv3BbASqIsF4bF1qjo92ZwRbMOWbfoqqbJl3G2YG4nZ7Fp4mgzvnp4ZXN3qVFQVXF7gWYmw3+qAwgmiMURZTkB4UwE78tie2L+Quxu7gX3lmA85QFdtek1FEKUi1ZyLGq4sADvCA6qvQAo6Jwzl2DPwBF7cL7rjfbheE9r4LIRdlbcLqQd3VBWWYlJlSC/olQz4gFtyDN23Fpnr4U4itkD2yo9S3xMWN9eGiLCXon6rOefKPMwXhq2Sq7kHVcingGIbfIimrCsWxWDxPGoXoVTprUQFbt0spRp1eNxi073OvNOW2QmZGI9zE4Wsv/wBhNJ/+M6euaSMajWzMdL6nn9UfSGEYDRrVzc+onTv7F49tpvweEp0iAozPxJILW4n7og3GbVNrk5E57i56jr3AE9UEYjHtkLAZE3s7eqDw0BN3PNfMeiRRFnV4vFJlazr6qsbAg7gT8pxlGkXZLf8AyKOvOLHyEBbR2oGJFPMFOl2IJtxy2AsOsX6oW9F6zO6IpGcVEIubXIOgufzeE0LPblTKSv3mP6iW+cnaQ5fOWYagswB5wpyg9oF494BImRJkSYxaAOTI3kWeV8pABi4e8vTCywIZYqdM+PSPcMtAdEmaKx5EmKQK2ReaUuo5hNd5EpDIYGpzPUpW3wkyc5lTos5toywPj/VpuVFzlNh0nScFWwdVteTPWLHyM9E2phg9J0A9pSBfdfhccRe08ZFRyCf8IEbwUpAjhqCuk9vSRtM46mwYOdCoYMrKxIzqRcaaXOpGm7pm+kiOwFimdhcoWAvuuUBsd574A2diambKLMLH1FK5dNc1vZFoQtVUqzMqqGVsjW5TKLEiwFgbc5E9qVyVnF7RdHZbK9BTiArLXAJBcf4Q9W7MpAYKVUk3OUHW95cnoHTS/wD72ouQlWFEZCt3yMWsu4FbnoF+Mhs/03w1Jct6iEJUQcmi3s7s63dnFwCxNiNDexAJBnX9P8ERZqeIa+YPY00Z82W4LB77wf1ETc6UmlxexmNuKvkvX0Gw1N668piXdFzOqtSL1DlRvVUvmPtgZyABrqIRHoXhfYVHqAEBM1ZqYZiqVGJsCFUIxa+85CLboExP8UaZKsExFwmUXbDABiuVqg/w2OYi+huvRBv/AKkoFCjDFgEyf4ldjcZDTzMEQetkbLfmA46yGhvTHY9KgMM9OmaYrUs5Uu72Nxb1n13EcBv3TmWqLzqO0D5wj6Sema48p9pohVpqRTFNmvc20YtvGkp2Bg8BXYpUBpHKzXNQjcLgAsAt+FiYAOG0wh9RQx5zujVPSCv8eUcyr89IZ2t6GFRnw7514q+hHMMwAt1ECc3UoPSJD0deBdWYdhDZT4y20KHqbTqH2qtRr62vp4kyn7WtmuHLG1jnAtz6BdbyDZ3N8m4e7TUC3Uq+MS4Ss26m/YpA8rSAswuLYHQlhxU2JtxIPGdHRysoZdxgSjsPFXzLRfTW+mnaTCuAoshZGQoL6DQ2uAWUWJ3EnsIkaKb8FiSlVFB9Vg7Ec5UoB5nvkqqG1VQLgHOecBM4JHP7a98HbVq5HRvut4lYWo1VenVbiaYZT/S47b3/ACyoG30JwxelWP3FI46pVpsPMwfjtp06epZc5vox5RgL6AIDv/EQOiGvR6uq7MxptryNSx6WsB4oZ5WFggVxm2izZlBv8T2Zvyr7KjosYOeo7m7MWJ4kknxnRbD9CcTiLMV5OmffqAgkfdXefAdM9H2F6FYbD2Yryjj33AIB51TcOvU9Mgo8+2J6B4iugqZkpqdwcNcj4gANxnUbK/hsUbNUxJI4qiAX/MxPlPQlS0fNBRUqYVQo3AADqGgki0qLyDPKUsZ5W1SVM8qd4BczyvlJnepKjUgBRnHEiRZxw+kGfaT1SJrDi0+I5s9dhI1R0SDYkc8GHEL0n99EcVGO4W7hMuUiORu+0HgP32yJxDc47NZmSi7dPjNtLZbnf4n5CRQbJyZXrHnjBjDWH2JfgT1DTvm1cBTT2io/qPcJ3joSfCDklyzm0oO25SeyeS7c2N/7irkq0wGdzlZwp9o3AAJZtb7hPfnr01GilrcWIRfDhPOdups4lspqXPCicyDtqXXuvPboaMoNt+TjqSTR54cOmG9curvYhUUOACeLZrEjssfCCmDs2ZgzEm5NjqSfKG9pUQhzU2OTmuiuO0KAfCCvti6+tVvw9e/fPVVHKzNyTbsjfvskjSY+43c2/jwj/bG53/W0f7Y3O362jYDjCuRoh7Qw/fGWJs6qf8s/vtlRxr87frf6ytq5O8A9eY+ZjYGv+V1eKqOu3zjHAMN70h+dAfCZOW+6vd/eOcS33f0r8xGwOj2HtCvRIVaiVF+AOCwHEJzdViOcQ5its4lrhlpIDuWpUSme5nF+6cAMS3OP0r9JI4yp8Td7eGstkO3Q1ja9TDpfmy1b9qU3t3y/a+LClUq4xUemoVxh1ZSxF9WOdBexG7mnnhc7769kibmLKdVWx2CGrPiK5G7My07dRUMfGRxvpKHCKiCmlMEIqqOJuSSTqSdSTOYCGX4XCs7BV3nTcxt1hQT3CRsGrE456g9c3seNrjqIAsOiE/R7GBWyOLqb6E2uCLMt+FxNmH/h7jGAINMA/EzjTqyXhnZ/8NKlwauJVecIpY9jNa3dIWg1hdnUq1B8JQdlFWz1HyWyIpGVAL6sSx1vbUwvsT0Sw2GsUTM4997M1+ccF7AJs2PsenhlsmZmIAZnILEDqAAHQAISLyvcqQgOiItIM8rZ4BYzyDPKWeVs8AtapIM8oapK2qQC13lTvKWeVM8AtepKc8rd5DNAJJTY8T2TXR2cTw7zCo5BPaqgn4aa5v6jYRfzemvsUr/edi39IsJ86PTSfJ2cor7K8Nsq+mp6FEJ09mKurZV/Ewv3b4MfbFRtM+Ucy2UeEpFedo9LFcmXqekHxVpLuLN+EZR3nXwi+3/Cqr0n1j3n6QIMRJDEzvGEY8Iw5N8sK1MSze0xPl3SovMAryQqzRDL6QYB8RTyJUyC920zB+ZW1Fheef7Q9E8aPZQOOdGB8GsfCel8tFys0m0Rqzxet6LYw76FQ/lJmc+iWM/09T9BnuHKx+UkFHh3/wDJYv8A09T9BiHoljP9PU/SZ7jmj5oFHhw9DcZ/p38B5mWL6E40/wCQ3ayD/lPbxJaQWjxNfQPGn/J73pj/AJS1P4e4070Qdbp8iZ7PFaBR48n8OMWeNIdbn5KZrofwxrn261Nfwh38ws9XCR7QKPN8P/C9PfxLH8KBfNjCOH/hvhF9pqr9bhf9qidsYxgUc5h/Q3BJuw6N+Ms/+4mGsNhUQWRFQcyqF8hNBkS0pCQMflJSXkC8AvLyBeUM8qapBTQ1SVNUmdqkqapANLVJU9SUM8rZ4BczytnlbPKmeAWs8rZ5XeImQDkxrxiYrygYVZIV5gDyQeShYQGIkhXMHcpH5WKFhMV+mTGJgoVY4qygLjFRxiYJFSTFWAFRiJMVoJFWWLUgBQV5MVYMWrJitJYCa1JMVYLFaWLWgBMVY4qQataTFeAEhUk+Vgz7RF9plAT5WNykG/aIvtEAI54xqQecVIHFQAiasg1SDmxMg2JghvarK2qzA2IlbYiCm5qsqarMTV5E1oBrZ5E1JlNWNngGgvIlpVnizyAmWkSZFnkQ0gLLxiZHNGzQCV4141415oA/NGzRRQQWaOGiigEg0cPFFIUkHk1aKKQE1eSDx4oA4qSYeKKUEw8cVIopQLlojXiigDcvFy8UUEF9okTio0UAY4qQOKiigETipE4mKKAQOJkDiIooA3LR+WjxQUQqSXKRRSAlykXKRRSAY1I4qRRQB+UiFSKKAI1IuUiilQP/2Q==","carprice":70000},{"id":52,"carname":"Benz AMG A45","carimage":"https://encrypted-tbn0.gstatic.com/images?q=tbn:ANd9GcS2EKutXiohq9INfNBu3-oYRAIuM2snmgO01LYCjN1a7Q&usqp=CAU&ec=48600112","carprice":6500},{"id":17,"carname":"Benz G Class","carimage":"https://s1.1zoom.me/big0/831/Mercedes-Benz_G-Class_G63_Black_554572_1280x720.jpg","carprice":87544},{"id":28,"carname":"Benz G Class","carimage":"https://hips.hearstapps.com/hmg-prod/images/2023-mercedes-benz-g-class-g550-101-1674061257.jpg?crop=0.669xw:0.565xh;0.306xw,0.247xh&resize=600:*","carprice":89999},{"id":49,"carname":"benz A Class","carimage":"data:image/jpeg;base64,/9j/4AAQSkZJRgABAQAAAQABAAD/2wCEAAoHCBUVFBgUFRUYGRgaGhoaGhoaHB0aGxsYGhoaGhoaGhsbIS0kGx0qHxobJTcmKi4zNDQ0GiM6PzozPi0zNDEBCwsLEA8QHRISHTkqJCozMzM1MTMxOTEzMzMzMzMzMzEzMTMzNTYzMzMzMzMzMzMzMzMzMzMzMzMzMzMzMzMzM//AABEIAKgBLAMBIgACEQEDEQH/xAAbAAAABwEAAAAAAAAAAAAAAAAAAQIDBAUGB//EAEEQAAIBAgQDBQQGBwgDAQAAAAECEQADBBIhMQVBUQYTImFxMoGRoUJicrHB8AcjUoKSotEUM0OywtLh8RUWg1P/xAAaAQADAQEBAQAAAAAAAAAAAAAAAQIDBAUG/8QAKREAAgICAQQABgMBAQAAAAAAAAECEQMhMQQSQVEFEzJhcYEUkaGxIv/aAAwDAQACEQMRAD8ApBSqIGlA11HGGKEUKOKCRIFEaVFHFAhFCKXFCKYxMUIpUUIoEJy0MtKihFACctGBR0YFABRQI8qUBSwKAGslKKU4RRxQA1lH5NDux0++nYoRQFjLJ60Xd9DT0UCKVCsj5aPKelPRRGigsa1PKiI8hTvxoGnQ7IwaOVAtT+lFApUFjc0RpzKPyKSUFFBYk+lHHnRqlDJ60UOwmJ6/fRt50AhowtAWR3SaZXCSane40eagdjVnDgfkGlOiz/1TqmjJ9KBoirSqSKUDSAVmo5pE0YpgKmjmkCjFBIuaOaRR0AKmk5qBq34L2fuYjxki3aG9xtoG+UaT67efKk2lyNRb4KjNUyxwy+/sWbh88jR8SIqyxnazh+APd4e331wb3GEmeoJjTTkV99Ql/S3cJ1too9D8IzH76zeT0aLGvId/hFy2JueD1S43zRCo95FQTesj/Edo6IoHxzz8RWhwf6UJcI9sZiuYAAqIjMQWDuQQoJ9mre3xvh2OGW7bRj1Khis+YAuJ6lVoU35Q3CPhmGOMtdH/AIl/20Dj7XT51d9pOwH6s3sC5uLGbuyc5K9bb/S+yZJ6nauZ3bzKYraLjLgylFo2Bx1v9oj4fiKT/b7f7R/l/pWLOKPWh/aD51WiakbX/wAhb6/dRHHpycD1Wf8AUKxXfmjF80f+RVI2gxg5Oh+K/i1GMV1E/ZYMB/FlPwFYsYg08t5uhp1ENrlGwS+jGA2v7JlWPorQflTh6VkRiXIgiR0MEfOpmH4jcUaQyj6LmR+63tJ7jHlScX4BNGhpNMYLHJc0Eq/NG9r1U7OPMa+QqQalMbTQk0Xwoz60RpiCmhRxRAUAFmozRRQoAMx50elFFGBQAoH1o6IChQMP3UugopWX0oArwaXNJFGKzNKAGoTQoRQFBzRg0VKApioMUcajrsI3J6DrVlwPg7Ym53YYKAMzHSQsgSo5mSPITrXSuGcEs2B+rtgHmx1c+rHX3bVEppFxxt7MhwXswqJ/aMZ4UUZu7PTrc/2/HpWX7SdrnxrmzZVlwqaHKcpaBI25aRA6iNiTpv0lJjbqi3h7TsimWYRDHlvoVG2vnXPsTicTbDu5uSHCroAAqqSzRlKSZUAxPtdKztvbNKrSKu/aLBi/ds5n2XEZRrGh3+B050zawjlS6IwAEyWEARrG01crYS46P3S6jMxCgZpJyzmbLrI15nyMVJ4wmS3OUrmkwY0CiTt7qO1PyQpvgosGDFy5JkwgPX6bn+VV/eokQqA4JGuhGhBHMHkatbWDiyIHMz1zNqfkqH309jsCFtWQB7Slj9rPcU/JRWlUjKcrkaDsL2ue3cFq6xKsd+vUkf8A6AayPaAIMnKaa/Sp2fFq6uJtgBLx8cAQLm5YeTDxeoY86yfdFSCJBBBBG4IMgjzB1rrGDQcR4W1ogZwvhH7LrJQeQzAp9kedS3Ts2jtUcYOFE7mkMi8lPq3P5afOp7KY1mdjOhkbyOVJSyXIQbsQo9SQB863VHO5MlYXB2zhw7KMxY6yQdyI09KgX1QaAfPT/mtDc4J3aG2b0neMvhB5/Smqx+HXBsyn00++pjJMcitt4BnIgEA8yDHxpd+0bbZSZ0GvUR+fhVgmEugeFttlLSPQaQKr715njNuNNgD6GK0VeDNuTe+CZgr3I7HT0b/kfMVJewrb6HqPx61WWN4JiefQjUH41YWsUrASwB5g6a+u1axZzZItO4jV2yVjNtOjDkfwNWmC4lMJdIn6Nzk3QP0P1vjvIRbYEciOfMEVGv4XKMyiV5rvA/EVMoJ/keLO1p/0XriNDvSDVZgcdkARyTb5Nu1ufXdJ5Hb4zrLvZ24bYu2nS8h1GWQ3mMp5jmJnyrFunUjrUe5WtopZoppLGkk0xUOUJpqaOaBjk0c01NGKAHQaWGpkGlA0wH1alTTSmlyaAIQoxRAUdZG9AoUKd/szwDlIB5xsJiSNwPWplOMfqdDjCUuFY3S0ijFoSBnWTMDc6GOU9KXgrJe4iQfG6CCI0JEyDqNKmGaE/pdlTwTjyqN32I4W9tXvXD4ruXKn7FtZKz9Zpk+ijka1i+p/PrUOw3uqQzxWNm/Ip7rCNJHXaPXX8KZxFu1c/vLYPmygx6MNRUZrQL5xcuJtmVWGVo6qQYnmRFS84NCYmijxfYzC3DntyjdUM/xcz6E1ke0P6PsSSHtXFfLqFYak66k6EbxAnSukFAddj1Gh+NDvLiiQC4noJ+Mj8atSZm8a5Rwbi3D8TbZUdbirIV2iSLeS2mZohuTt4oqwwHD7l5AuFs37iqxh2f8AVmTqA2VUGsmBznznr3GcYO4dzZN3KMwSASQCMwWRIaJ5TpWeX9I2DACtmtwPZZGAEchlBAocl4J+W2YniXZrF2k7y5bKrpOUo+Unrlnnz2q6/R1ims3zaeQtySJ/a8IPvnJ8Wq3ft1grilM6srAqRDkEEQRGXWueJdbC4qz4HtqjtJb2SCQC6EeE+GfZMSR0qlK+Rdna1Rbdv+E/2fGMwHgvfrF6Bz7Y+Ov7wrP4FG71MpyNmADMA0MdB4fXzrsvangRx2G0IFwAPb2ADETlnfXr1AMaVya5gb4bKcPeDqdcqN7QO4gabaRWsJJqmZZYNO0iRxTvbbhLuWXnJcQEBiORB2alXsEFkRz+lqT7zTJ4ZjLm+GxTdM4ufey6U4nZfGnbBn3sg/zMKpKNbZm1Lwg8MLagg3EEH9obfGqriuHTNNtkYGfZiZkkz133q+tdjccf8K2nq6n/ACsak2+wuMO72V9GJP8AkP3004p3YOGRqqMULB6U8MEYBzLry1keulbhf0fXjvilHohP4rT9v9Ha/TxLn7KgfeTV/NgT8jIYEYRxqD79RTtu8y7svvI+/eui2v0fYQe0br+rKPuWp1jsbgk/wQ32mc/6oo/kRXCB9JJ8tHK++SSQQOoEkefLSrPgvGLlolLLOyNEosnXbTLMeTctjpt1C1wPDJ7OHtA9e7WfjE1NW2BoNB0G1ZTzKSqjbFg7HdnNXwF5kN3u7hUmWzW2RgTqSVbUj6wkedV2aeldfVoqFj+CYe/JdIc/TTwtPUkaN7wahT9mksXo5fRTWl4p2QvWpa2e9ToBFwfu/S/d18qzhXeff61omnwYuLXIU0WajoUxB5/Klq9N0ammA8r/AJ/GnM1NLSh60ASuJcHuWFzOUIOgCtJPoCBp1J2qM3hQk8tYgksYkAgxAGpjyoXsY9xyLmcqhOVSoMtEKQoJ0zefupkYSAz3IRYGjETvAkaxtEGOfnXz+bqZydXS+x9Hh6SEVbVh4fHMcpNgQo1yiWeNNJ+sQCdtKtMRxHwMbntZVyoCCSTMgxoAOvvqsvXA5DBV1CsNTGURBI1EbczvOlJRiYIlnaBJlYnaZ5a8gBE+7mm3Lcv+nRCKjpaIeMvlX8YCysAWxJMH6I2A68zIEdbrsljGOItMwiXY5TPNGAgcjJPy6VX3HVrmTMgdVglTm1zAkGNevvjSl8NaL1t5YKtwakgADMu4iToTrPStYtJrVMmUbi/TNN247Wvh3TDYZVa+/i8QkKpMLpI1MHfQATUzsj2na63cX2td7qZtk5WAmYDahhziQRrWE7RS/FLxYnwKqzE5V7vM7D0UN8amg23t2rlpO7vhlNlgSZcPiB3bydc3cqsiPFc6aV6dnlKPLZ1W40UEu1G4ZjFv2kurtcRWHXUbHzFPNbpkD63abvozQUuMjj6QAYEdGVtxz0INNHSiR9qLFRYYYsFAdg7c2C5QfRZMfGmccltUa5cVYRSxJAJhRJ3ptL1HeC3EZHAZWBDA7EHcU7FRzPhXCTjsVmuKQi+N8hCyDsk5dJOnoD0rot7geCdO7NlbYy5YgCRsATqr77tJp7h2Et2VyWkCLMkDmepJ1J9amMQYB5n7tfwqr3oVa2SrFgIioJIVQoJ3IUACfhTSW1OZWGoJIPPKxJB9NSP3aaRCvsMR5bj4U9mzRnXUbMpgj05iiwGrmDI9kz5HQ/HaozNBhgQfOrJSw+uPcG/AH5e+jDK8jQ9QRqPUHUU7FRXrBo+7p65gF3QlT03FMMjp7QkdRqP+KYA7uiyUtLgNKoAZyUMlPxQy0AR8tEVp8rSStADBFCKcK0kigBSORVdxngFrEiT4LnK4u/74+kPn51PmlK1NMTSfJy3i3Br2HaLiyvJ11U9PT31Wz512S+FdcrR5THvHmDWD4/2fChrllSuX2k8huyDlHTy089IzvkxnjraMuJowaSDz/J+NKFaGVC1anM1NAb0ufOixl06eRZus78t+XWkXlkRAA3MiQfnr50kgEic3xA+7WpIRIjWPUmvmLPqaRHUIQuxAkQARAj2ZjfXkdJ3qQ3DsqM3hVWglg4BnWM7TpvMGNqPuVOkN6/kUa2vpZdfM7xtMb1DGkQbfBMMgLh3VyfoJnYgjfNIHXcydeRo24elzwIH38JfKGUxJJCO3tGN8unKpjpsI5zEnz5896bdd9Dy2/Mf9Cqcr5/sFFrh/ozmId0xr3LhCO9tSGI8IeEteIc0JUg+T0X9lYqiIRaS24ZjdcKEcNccJmPtwzqQROZdetK7Q2DcuW1H01ZJOgBDIxkrB2DH3VG79bdosqK6IwYJcTvMqHu1B1OjZWtt6sRtt6uGTlBNnmZYqMmjcdjMVK37IIPdXnyZTIyOxdYPMSWjyitTbx0aOJ8+f/Nc87I4ojG3i0DOEBCggBxbDNAnwgFGGtbt0Dairsxaos1CsJUgimHs1WBmQypI9KmYfigMBx7x/T+lCkhdrFlSKIPUoBWEqQR5fnSmXtUABbtK77Ue/8/OoxU0ksZHvHyn8Kdiotbd2n1xSbFhWU7RccXCWTcYZmJCIkxndthPIDcnoK5viO3eLDlu9VQPohEy+gDAmPUk+dUmKjvojf50TqDuJjY8x6Eaiuc9jO3PfOLN5O7ukSFgqlzTUoG1V/KTPInlvWviJnfbzpkj8MNiGHRtD/EPxB9aT342IYHzE/NZHzrnXFu3V0XjZAGFgnxXkJZhyPhkKp6gH16WXCO1d9yQyK6Ax3lu2wTaTmuLcf/IPStO11ZPcro1tzuzuVB6yAabyxsykeomqy12mQnKVBbolxZA+zd7t/gpqS3HbI1djb87iPbHuZwFPuNKmh2mSu8A3IHqQKHejkZ9AT91KtYlHGZGVx1Uhh8RRlhSsBBfyPyH3kUkseg951+QNB7gFR3xQHOmA8Qeo+H/NV3F+I9wqubd51Jg92gcoOrCQ0fZBosRxm0nt3FX7TAffVViO2mDTQ30J6Kc5+CzRYUy/VwQDrBAOsjfqDt6Gj06CsbxLtrbtr3ndX8p590yifV43qgvfpFbdLRj6zBf8ub19KLHR1VHAqp4tiQrmdisn3TPyFcxv/pBxJHhW2vrmfr0K9Dy5Giw3aq7iVuWrmXvMpa2yyslTmy7neIjnJHnVRkk9icW0O3GBPQwMw6NAJE9daIUnD4V1sI7zLlmM6HxRl+QJjzoa/n8RWzds5e1ocFLBHWmgdj8Dv8+dClYUTQWYyTroYkt03C/jU907ojO4GYHKBDD3nYb+dZ5b7MAJ0HkPxJqdIjQktGs5SJ8oXQb9a8KeCcXTR7yzprTLa3dmTJIGkR7IiQS2WNfdy1qRbQASSQd4BJ5a+tUdtJEZttBl5A6HTbmRNSsM+XYMGIgmSdJ0ELvr+1prWTh7NIyZataE+3r0mgyNlzQSAQM3InTSQN41ioFqyxEC4fpasCDJEzoAdNT9+4qVZwzjwm5mMDSJbzJgDf8AJqHA1Uyp7RD9WHgE23DQNJUSrr71Y1V4S2rDEPcf9U5zhx+yQ3hX64fu/Dv4K1rodok89D/Q/fWWx/ZJ1YtaZAp1yswWD9U66dBFdPT5Ul2yMM+JyfciFwzjDWcSt4SPEzNlOuVwdF22zaegrd4LtlacgSrk/wDzf3A+16kEnrXN7/C8WJC2hA3OdNJ66iKhvwHFsZa38WQAfE11KUXvuS/aOZwfFN/o7fZ4hZuaZwrH6L+E+4nQ/GfKnL2D5/LntXFcLdvWgZxaAAexmN6Y5BQCo9ZFXHCO3r24VwVX6viT+FtV9VM1VP1f4IaXuvydJAdDIJFTbXEjs4nzGh/oao+E9rLF8alZ55JMebIRnX4H1q6VEcZkYMOoMiemmx8t6VktVyialxH9k+7nTV1Ij1/0tUTuiKe7w+EHr/parslo5n+krGFsVbt6kW7eaBzdyQNOsKPjTfCbf9mhbVtHxLe1cbXK0ElLQgwBzYanXlEF2mE8Vdm2QI+pj2LYKfzlaVju8s4VLqMQWM3oEMMwW5bUn9hrZPlmJ5gQmrVFR1snLx0XmFjGJlfdHjKQ4OmVhqhG4Oh0rfdn8f3luGJLr4WnQkjnppBGumkzXPeMBLttbbE517i1bc8rhtNdJZjqVOdF1Okg7TNj2N4i2a2WBHeA23kR40kofPYierHpSS7Wq4YS/wDSftG34rw21iEyXbauvKdx9kjVfdWRxvY57dt7di4XtsQcjtlZSNirAZX2HhYAGIkamtq1zbfUxpryJ16DSnUSa2MTkl3hduxYy3e9t3gxKd4jd2ZMsM6MyCdBvHhHIkUVvEXbNh7tu6xyJI7p1yknTVUAGkScwOmw1rrV2xuOR3H9aocd2Swd05msIG/aQZD8B4T7watTZHYrMf2cxty8XvYi1aa2oALqO5us0EnLdtZGEAFjJMAitX2UwmINtr93E3u7dibCNkLd19FnZ0JhtxzgAyZpeG7J2vBbe47WVkm0coDksGPeMBmIkAEaSABsKc7ccSdMO4tJnYwCgkSkjMBl19mRAqZSspIwvaft7ce4yYe4EtqY7wBS7xuRmEBekCTpqNqzL47EXd3v3J6G4w9wGkfgPOrDD9rig/V4Owo+rA16SFFJudssUZKpbUdf1h+RfLPuqkkFvwQE4LiW8S4e59rKFO+/ijWBPw5Cr3h3Czg7D4y6qFwMtsbqtw5oB+zEn1GvOqW92nxTa50XzFtJ9SWBjpvT/DeOC4HsYxyyXIys+yOp0D5YMcjBHqOTtLaQqbe2IuY3FJYTEsXbM9wPnlkdWKwrD2Shysscp0jSpL8Lwa6tfIB1CSCwUkkKwAk6NGvWmVa8LmY4hXGg7uw4fOo0FtLSyoUjTVYEzrsYv/g8VcYu1sW85LHvCEGpzQFY5oGmkfRpxe7oGtVY8+KwKexbe4ep0B2g+Mk8+lL4ZiGv3VS1ZS0qkOzLLMoHQ6ATttzPnUjA9lZHjvAjmLYk/wATem8cqvMItjDxbQohJ2LDOzec6k1E8yWv8ouGGT3/AK2WHE7qd0Q27eyOeYa6fA1nwf8Avb41oMLwu3iLoa5cyKiMFEqpLOy6gt0Caj6wqeeyVo6pfPT6LA/Ail/Jj5FLp5PhGTC77ef/AF+IoRWobsY30bo9Ch/BjFMnsbe5XUj97/bT/kQ9kfIn6MArkbGnBi3/AGqYBoTXsShFnlqclwyfZ4o67was8NxwaSI/Pkazwo6xn0mKfKNodZlhwzcYPH2iZjXcjOQDtrBMcqt7l+3cUAFFJJjKQDruNDrXMrdwjYkVPw3F7iaSCPPWvOy/Ck9xZ6GL4ouJo29zDHLBE6+o2iBy/O1QwQGFvcyddmIgRC5fFrpNV2D7Rk6FiPcPz86tLeIW4sFmM/WYfjpXlZejyY3tHqY+phkWmE1ptgCNdTAnc+R5TTZP7cMZ+kAw0g7GRU23bAAVDHTUfk0o4UtuM289OvurjcdnSpUUWIwJue2iBeQC5n6CGMQfQ1WY3swrf3bEaey+v8wGnvmtc1hJhhB6dPcPUfKmb2HKg5YO3tAH3Qdz0iqjknH6WTKEJco5pjOFPaYFlZDuGG0/VYafA1LwHaXE2DObOBpJOV4+2up/emtxdtnYpM7jcH+b5a1TcQ7PW29mUJ2yqWQ/u/R/OldcOrT1NHNPp2twZccF/SDbeFuwD9aEP8Xsn+U1rcPxC3dK5GGaZynRvZOw+lv9Ga4/iuy9wfRDfY1+Wh+VQbb38OYVmWDqrajrqp2+VdMZKX0v+znlCvqVfg1vbbDlMZceDD4cCfrB1Qg+cLRYjFJfV7ZdMyh7VxJEtYUsyOo5vabUDms+6kxHaK5iVW3dDB1BCkElSo8RBB1ERI1NT8Zg0Do5Ge8/jsoGIFtJLd7cYEEKJmJG3rGkbvZEqrRF4rcIyJqM2Zy52AKWkRhJBg93AMzBka1OwGKK33YAeIJiFM8yVLLvoM+Y/D0p6zjGbKtq8iMyyFuqTbuaKxIJ1TRgYge15GkY1HXFp3iIjnDnMLfsaG5BGnMClPgceTq6N02/CmeKcYTDWzcc+g6nkPz/AEmJwfE5rNputu2f5R0rB9reKd7iGWfDbOUD60an3g/fVrZlRaXv0i3laTYbJ5BWb3jMKssP2yu3FVlwjurAMGAKiDqNTp86x3BOHPibqgj9Ukm40EFpiFnqY5RAknlXRkgACIjaiToFsGG4yX9rD3U9chH8rGqbjvESbgt29SNXaNjyUefM9NPOp3GOJrYtNcJiAY56wTMc4AJjmYHOuR4zjN24Se8dFJJCKzLvrLFdXY7knnRTY1S2zeXsBbu+K7aRmIgsVhj6ssMfeajNwvBIPGlpRzzXLgHvzXIrn19WeJzsPrFm++orIvQU1jfsHOPo32Ft27i57WDtEHNr3YaFGeCTcbmqMfl6vPduW3CCzatvkd/YtoQEDggFUmfAYg9OVUXCO0yWMOtsFs2XK4CBpGZiIYsAPa6GmMV2qDMGyOxGaCzKphySw8KzEsdyd6iXfej0cK6ZRTlXH5dmra5iM723uOrLklEUktnQvlBzCW8JUCCCYqCuHVbjLcfwZbbL+sVGaSmdSLep+kNJiJ13rMji9+5OS0CTH0XuHQQPaJG1PLg8aw8Td0v1mW2I9F1o7JPn/o31OCOo714VDnaS+VKLbZkUgyBnQOQFlipM75t6o7aTAUanQRvPKAOc1dYfg+H3u4kuelpS3xcyKtMNirFj+5sCf27hltfjHxFWpRiqZwZXLJJtKl9zRJbfu9dyq5h9YxIHwp9nMAZJ5kEzO0aec/1rJ4ji95mDd5ljYLAE+c6GpWG7QONLiBtd18J+G0/CuLNCUncVr0dGFxSqT37LxXIMCR5agbxAJ5VOOJcaLeMep35/SqvwPF7NyALkHo8qfTUQfdNTgqjSB711+6uVynHTOlQhLaObUVFNCa+zbPj6FrSiaQDSqLExMURNLpJFQ9DQA1SLGNdNmNRstKyUttUylLtdpl5g+0JB8QHmetXNjjiOBrEfjod/zrWJKUBptXFl6KEnwd2L4hOKpuzo1vFo0HMD0IBj4cz5/Onlsy0+DYRp4p1n8iud2MbcTY1bYLjxGjR+fjXnZfhsluJ6OL4lCWpaNe6R7UDpA++jNqYjX1OvxNV+E4oriNB8IidtToasEuofv/JrzsmCcdNHfDNGW0wLZOpPM68p9ec1GxfDkuCLiK3SdY9DuKnC8OQnXnppRtcE6/HWOm+1R20XdmNx/ZAE5rTZSNg2o/i3AjyNQsRiyuFYZIcM1u627ZUByJ5KWn+HzroDgBQ52Ox3n4fnSsZ2msi25vIAyuAt1Dz6NG5BgajYgHnI68GV32yZy5scauKKvGYQi0jA+Je7YHoXshBPlmw7L7zTjuLdyYju7IUjfKxBLAbQQ1wr7mp61xm0LYS3alsoALsCBDl00AE5SWAB5GDNVN5yZEkkmSTzG8mep1PoK6pP2YJeje9meO2zhbSE+NFyMOYKkgT6iDVr/wCQwjQLti3cj6RADe/MDPyrkN9kUSfcOc/1gfM1Gs8WvKIV2HvPwppSe0RJRWmd5wvG+HooUKbajkFED+Cfup1+MYBtrwH7r/7a4R/7BiP/ANPm34mm241iD/jP7oH3VaUvsTUPudm4pcwNxcrOHXXwlLka76qBWSxeF4YmwdfMXVX4d6jNXPL2Kuv7bs3kWJHwmmMtNJ+yXXo3dziHDVOpvP8A/VT/AJbP41Gvce4eNsK7/auNHyZT8qx4Q9KMWjVV9w16NHe7S2iCqYKyBtJljz/aLRufjUP/ANgcexZsp9lJPzNVa2DTow/LSi0vI+2/BIuccxL6G6wHRYQfygVDMsZYlj1JJPxNSUwtPJg/z/3UuSH2sZtXSNI06bVMXEgiIPz++aNcIakWOHu3sozfZBP3TWcpxNFFjAYdT76dM9R99WFngt4/4TDzaF/za1Y2OzFw+0yKPKWPw0HzrGWaC5ZrHFJ8Iz6sfKpNvEXI8NxwOgdwB7gYrRJ2VX6Vxj6KB95NT7XZ6yojID5tmn76xfUw8bNF08/wc+mhNEKOvqz5cWppYpkGlA0yWh2gKQDSgaYqFxR0kUdVRIIoooxRxUuIWIihlpcUJpUFh27jLsanWuL3FqvoVE8UJ8o1hmnHhl/hO0GuulXuH4wjDU/CsGBTiMRsa5Mnw/HL7HZi+JTj9WzoVm6mRgJLEeFm1A84iKjpg7cZZXX2vCCOuu59d6yWH4q67mflVrhOMBjBMe6vMzfDZR3E9PD8Rxz09MRjOzFpixtsU3nSV9crRptEEVS4rsziPo3rZU7fQJ+R++tnavKxkHWNfdtpTndg8h5kaGN49K43LLje/wDTsUcc1r/Dnf8A6nenUp72/wCDTydkrkFmuKAOgZj7hAmt6LQBOnXpQ/s68j+d6T6vIL+LA59e4fZtD+6uu/W4Dbtg/ZXxN6ZhVYcKeQHu2rqDYbfUz7tflTFzAWzq9tCR1UdPzvVx6t+URLpU+Gc1GGA3Ip1cL5VurnC7J2tIPOSPkCPyaUnDLUkd2g05lp0HQE8+dW+rVcEfxnZhxhafsYMsYVCx6KJ+6tsuGtL/AIaA9cqnfbWPzFT7ENCIJg/R+7T861jLq34RrHpl5ZkcP2euH2lCD6x/BZqcnZtedyP3P6tWkUCdQCQSN80EaGQDHPnTl60h1PIHYsoXT2so0PWKz+bOXmv0a/KivF/szydmrfO43uUf80+nZm0PpM3qf9sVbphoM5pJ67+7py5U8qedZvJP2WscPRAscHsp7NtSep8WvXxE1Nyny+6lBPP+lMv3s8o90epnU+nzrN3J7ZoqjwOqtAAf8UsSBrr1/wChtRFx50qHYaL8Kcy+Y+dNZRy28jRQOpooDlcUYoUK+3R8Ww6AFHQqkQGKMUKFUgFTRhqFCrRAoNRg0KFMTARQihQpMSCihQoVAwA0C1HQqe5jaCAo4oUKi3ZaiqH7GJZdiatsNxsjc/GhQoyYYTW0Xh6icOGWNriynn86n2sUrDeioV43U9NjXCPd6bqJyWxeU9fzpzH51ptLBA1Yt6T8gfwoUK8yUUno71Jjndq2omN+Y+PPb8imf7PJ/vFUATnJykc4A1M7aChQrNclPgnLgbQTOrm6xghSYnXUx7THQaAzttNRi7FTJyJ0SEkbZSNWb50dCtGZkZrqKSQTJ28hJ8JPMgRsOVOW3zzOg89J6b7/AAoUKzZcSYhjczTuaaFCoNAgaCvz1P5+dChSASLoJiNRrqD8jtSmYbRrQoUmUJKe4/OjyeX3UVCpGf/Z","carprice":80000}]
    Forwarded URL = null
   Redirected URL = null
          Cookies = []
2023-05-18T00:29:34.724+05:30  WARN 22300 --- [    Test worker] .w.s.m.s.DefaultHandlerExceptionResolver : Resolved [org.springframework.http.converter.HttpMessageNotReadableException: Required request body is missing: public org.springframework.http.ResponseEntity<com.mercedesbenz.carenquiry.model.Cars> com.mercedesbenz.carenquiry.controller.CarController.updateCarById(int,com.mercedesbenz.carenquiry.model.Cars)]

MockHttpServletRequest:
      HTTP Method = PUT
      Request URI = /api/v1/cars/22
       Parameters = {}
          Headers = []
             Body = null
    Session Attrs = {}

Handler:
             Type = com.mercedesbenz.carenquiry.controller.CarController
           Method = com.mercedesbenz.carenquiry.controller.CarController#updateCarById(int, Cars)

Async:
    Async started = false
     Async result = null

Resolved Exception:
             Type = org.springframework.http.converter.HttpMessageNotReadableException

ModelAndView:
        View name = null
             View = null
            Model = null

FlashMap:
       Attributes = null

MockHttpServletResponse:
           Status = 400
    Error message = null
          Headers = [Vary:"Origin", "Access-Control-Request-Method", "Access-Control-Request-Headers"]
     Content type = null
             Body = 
    Forwarded URL = null
   Redirected URL = null
          Cookies = []

MockHttpServletRequest:
      HTTP Method = POST
      Request URI = /api/v1/cars/createcar
       Parameters = {}
          Headers = [Content-Type:"application/json;charset=UTF-8", Content-Length:"63"]
             Body = {"id":null,"carname":"duster","carimage":null,"carprice":10000}
    Session Attrs = {}

Handler:
             Type = com.mercedesbenz.carenquiry.controller.CarController
           Method = com.mercedesbenz.carenquiry.controller.CarController#Createcar(Cars)

Async:
    Async started = false
     Async result = null

Resolved Exception:
             Type = null

ModelAndView:
        View name = null
             View = null
            Model = null

FlashMap:
       Attributes = null

MockHttpServletResponse:
           Status = 409
    Error message = null
          Headers = [Vary:"Origin", "Access-Control-Request-Method", "Access-Control-Request-Headers", Content-Type:"text/plain;charset=UTF-8", Content-Length:"55"]
     Content type = text/plain;charset=UTF-8
             Body = please enter the following details correctly
car image

    Forwarded URL = null
   Redirected URL = null
          Cookies = []

MockHttpServletRequest:
      HTTP Method = POST
      Request URI = /api/v1/cars/createcar
       Parameters = {}
          Headers = [Content-Type:"application/json;charset=UTF-8", Content-Length:"68"]
             Body = {"id":null,"carname":"duster","carimage":"random.jpg","carprice":90}
    Session Attrs = {}

Handler:
             Type = com.mercedesbenz.carenquiry.controller.CarController
           Method = com.mercedesbenz.carenquiry.controller.CarController#Createcar(Cars)

Async:
    Async started = false
     Async result = null

Resolved Exception:
             Type = null

ModelAndView:
        View name = null
             View = null
            Model = null

FlashMap:
       Attributes = null

MockHttpServletResponse:
           Status = 409
    Error message = null
          Headers = [Vary:"Origin", "Access-Control-Request-Method", "Access-Control-Request-Headers", Content-Type:"text/plain;charset=UTF-8", Content-Length:"55"]
     Content type = text/plain;charset=UTF-8
             Body = please enter the following details correctly
car price

    Forwarded URL = null
   Redirected URL = null
          Cookies = []

MockHttpServletRequest:
      HTTP Method = GET
      Request URI = /api/v1/cars/2
       Parameters = {}
          Headers = []
             Body = null
    Session Attrs = {}

Handler:
             Type = com.mercedesbenz.carenquiry.controller.CarController
           Method = com.mercedesbenz.carenquiry.controller.CarController#findbyId(int)

Async:
    Async started = false
     Async result = null

Resolved Exception:
             Type = null

ModelAndView:
        View name = null
             View = null
            Model = null

FlashMap:
       Attributes = null

MockHttpServletResponse:
           Status = 404
    Error message = null
          Headers = [Vary:"Origin", "Access-Control-Request-Method", "Access-Control-Request-Headers", Content-Type:"text/plain;charset=UTF-8", Content-Length:"28"]
     Content type = text/plain;charset=UTF-8
             Body = Id not found in the database
    Forwarded URL = null
   Redirected URL = null
          Cookies = []

MockHttpServletRequest:
      HTTP Method = PUT
      Request URI = /api/v1/cars/30
       Parameters = {}
          Headers = [Content-Type:"application/json;charset=UTF-8", Content-Length:"80"]
             Body = {"id":null,"carname":null,"carimage":"https://image.com/Mazda","carprice":10000}
    Session Attrs = {}

Handler:
             Type = com.mercedesbenz.carenquiry.controller.CarController
           Method = com.mercedesbenz.carenquiry.controller.CarController#updateCarById(int, Cars)

Async:
    Async started = false
     Async result = null

Resolved Exception:
             Type = null

ModelAndView:
        View name = null
             View = null
            Model = null

FlashMap:
       Attributes = null

MockHttpServletResponse:
           Status = 409
    Error message = null
          Headers = [Vary:"Origin", "Access-Control-Request-Method", "Access-Control-Request-Headers", Content-Type:"text/plain;charset=UTF-8", Content-Length:"54"]
     Content type = text/plain;charset=UTF-8
             Body = please enter the following details correctly
car name

    Forwarded URL = null
   Redirected URL = null
          Cookies = []
]]></system-out>
  <system-err><![CDATA[]]></system-err>
</testsuite>
