<?xml version="1.0" encoding="UTF-8"?>
<testsuite name="com.mercedesbenz.carenquiry.CarControllerTest" tests="14" skipped="0" failures="0" errors="0" timestamp="2023-05-22T10:19:00" hostname="CGSCLXR80838529" time="0.577">
  <properties/>
  <testcase name="delete_success()" classname="com.mercedesbenz.carenquiry.CarControllerTest" time="0.266"/>
  <testcase name="delete_fail()" classname="com.mercedesbenz.carenquiry.CarControllerTest" time="0.013"/>
  <testcase name="updateCarById_failure_CARIMAGE()" classname="com.mercedesbenz.carenquiry.CarControllerTest" time="0.125"/>
  <testcase name="updateCarById_failure_CARPRICE()" classname="com.mercedesbenz.carenquiry.CarControllerTest" time="0.012"/>
  <testcase name="updateCarById_success()" classname="com.mercedesbenz.carenquiry.CarControllerTest" time="0.034"/>
  <testcase name="post_fail_exception_CARNAME()" classname="com.mercedesbenz.carenquiry.CarControllerTest" time="0.011"/>
  <testcase name="post_success()" classname="com.mercedesbenz.carenquiry.CarControllerTest" time="0.01"/>
  <testcase name="findbyId_success()" classname="com.mercedesbenz.carenquiry.CarControllerTest" time="0.009"/>
  <testcase name="findAllCars()" classname="com.mercedesbenz.carenquiry.CarControllerTest" time="0.011"/>
  <testcase name="updateCarById_failure()" classname="com.mercedesbenz.carenquiry.CarControllerTest" time="0.008"/>
  <testcase name="post_fail_exception_CARIMAGE()" classname="com.mercedesbenz.carenquiry.CarControllerTest" time="0.007"/>
  <testcase name="post_fail_exception_CARPRICE()" classname="com.mercedesbenz.carenquiry.CarControllerTest" time="0.01"/>
  <testcase name="findbyId_fail()" classname="com.mercedesbenz.carenquiry.CarControllerTest" time="0.009"/>
  <testcase name="updateCarById_failure_CARNAME()" classname="com.mercedesbenz.carenquiry.CarControllerTest" time="0.01"/>
  <system-out><![CDATA[15:48:46.309 [Test worker] DEBUG org.springframework.boot.test.context.SpringBootTestContextBootstrapper -- Neither @ContextConfiguration nor @ContextHierarchy found for test class [CarControllerTest]: using SpringBootContextLoader
15:48:46.320 [Test worker] DEBUG org.springframework.test.context.support.AbstractContextLoader -- Could not detect default resource locations for test class [com.mercedesbenz.carenquiry.CarControllerTest]: no resource found for suffixes {-context.xml, Context.groovy}.
15:48:46.322 [Test worker] INFO org.springframework.test.context.support.AnnotationConfigContextLoaderUtils -- Could not detect default configuration classes for test class [com.mercedesbenz.carenquiry.CarControllerTest]: CarControllerTest does not declare any static, non-private, non-final, nested classes annotated with @Configuration.
15:48:46.406 [Test worker] DEBUG org.springframework.boot.test.context.SpringBootTestContextBootstrapper -- Using ContextCustomizers for test class [CarControllerTest]: [DisableObservabilityContextCustomizer, PropertyMappingContextCustomizer, Customizer, ImportsContextCustomizer, ExcludeFilterContextCustomizer, DuplicateJsonObjectContextCustomizer, MockitoContextCustomizer, TestRestTemplateContextCustomizer]
15:48:46.539 [Test worker] DEBUG org.springframework.context.annotation.ClassPathScanningCandidateComponentProvider -- Identified candidate component class: file [C:\Users\srharih\Downloads\springboot-gradle-personal-git\springboot-gradle\build\classes\java\main\com\mercedesbenz\carenquiry\CarenquiryApplication.class]
15:48:46.542 [Test worker] INFO org.springframework.boot.test.context.SpringBootTestContextBootstrapper -- Found @SpringBootConfiguration com.mercedesbenz.carenquiry.CarenquiryApplication for test class com.mercedesbenz.carenquiry.CarControllerTest
15:48:46.742 [Test worker] DEBUG org.springframework.boot.test.context.SpringBootTestContextBootstrapper -- Using TestExecutionListeners for test class [CarControllerTest]: [ServletTestExecutionListener, DirtiesContextBeforeModesTestExecutionListener, ApplicationEventsTestExecutionListener, MockitoTestExecutionListener, DependencyInjectionTestExecutionListener, DirtiesContextTestExecutionListener, TransactionalTestExecutionListener, SqlScriptsTestExecutionListener, EventPublishingTestExecutionListener, RestDocsTestExecutionListener, MockRestServiceServerResetTestExecutionListener, MockMvcPrintOnlyOnFailureTestExecutionListener, WebDriverTestExecutionListener, MockWebServiceServerTestExecutionListener, ResetMocksTestExecutionListener]
15:48:46.744 [Test worker] DEBUG org.springframework.test.context.support.AbstractDirtiesContextTestExecutionListener -- Before test class: class [CarControllerTest], class annotated with @DirtiesContext [false] with mode [null]

  .   ____          _            __ _ _
 /\\ / ___'_ __ _ _(_)_ __  __ _ \ \ \ \
( ( )\___ | '_ | '_| | '_ \/ _` | \ \ \ \
 \\/  ___)| |_)| | | | | || (_| |  ) ) ) )
  '  |____| .__|_| |_|_| |_\__, | / / / /
 =========|_|==============|___/=/_/_/_/
 :: Spring Boot ::                (v3.0.6)

2023-05-22T15:48:47.593+05:30  INFO 9940 --- [    Test worker] c.m.carenquiry.CarControllerTest         : Starting CarControllerTest using Java 17.0.6 with PID 9940 (started by SRHARIH in C:\Users\srharih\Downloads\springboot-gradle-personal-git\springboot-gradle)
2023-05-22T15:48:47.594+05:30  INFO 9940 --- [    Test worker] c.m.carenquiry.CarControllerTest         : No active profile set, falling back to 1 default profile: "default"
2023-05-22T15:48:48.680+05:30  INFO 9940 --- [    Test worker] .s.d.r.c.RepositoryConfigurationDelegate : Bootstrapping Spring Data JPA repositories in DEFAULT mode.
2023-05-22T15:48:48.752+05:30  INFO 9940 --- [    Test worker] .s.d.r.c.RepositoryConfigurationDelegate : Finished Spring Data repository scanning in 62 ms. Found 1 JPA repository interfaces.
2023-05-22T15:48:50.112+05:30  INFO 9940 --- [    Test worker] o.hibernate.jpa.internal.util.LogHelper  : HHH000204: Processing PersistenceUnitInfo [name: default]
2023-05-22T15:48:50.203+05:30  INFO 9940 --- [    Test worker] org.hibernate.Version                    : HHH000412: Hibernate ORM core version 6.1.7.Final
2023-05-22T15:48:50.451+05:30  INFO 9940 --- [    Test worker] com.zaxxer.hikari.HikariDataSource       : HikariPool-1 - Starting...
2023-05-22T15:48:54.062+05:30  INFO 9940 --- [    Test worker] com.zaxxer.hikari.pool.HikariPool        : HikariPool-1 - Added connection org.postgresql.jdbc.PgConnection@704a0f9
2023-05-22T15:48:54.064+05:30  INFO 9940 --- [    Test worker] com.zaxxer.hikari.HikariDataSource       : HikariPool-1 - Start completed.
2023-05-22T15:48:55.224+05:30  INFO 9940 --- [    Test worker] SQL dialect                              : HHH000400: Using dialect: org.hibernate.dialect.PostgreSQLDialect
2023-05-22T15:48:58.675+05:30  INFO 9940 --- [    Test worker] o.h.e.t.j.p.i.JtaPlatformInitiator       : HHH000490: Using JtaPlatform implementation: [org.hibernate.engine.transaction.jta.platform.internal.NoJtaPlatform]
2023-05-22T15:48:58.689+05:30  INFO 9940 --- [    Test worker] j.LocalContainerEntityManagerFactoryBean : Initialized JPA EntityManagerFactory for persistence unit 'default'
2023-05-22T15:48:58.987+05:30  WARN 9940 --- [    Test worker] JpaBaseConfiguration$JpaWebConfiguration : spring.jpa.open-in-view is enabled by default. Therefore, database queries may be performed during view rendering. Explicitly configure spring.jpa.open-in-view to disable this warning
2023-05-22T15:48:59.234+05:30  INFO 9940 --- [    Test worker] o.s.b.a.w.s.WelcomePageHandlerMapping    : Adding welcome page: class path resource [static/index.html]
2023-05-22T15:49:00.542+05:30  INFO 9940 --- [    Test worker] o.s.b.t.m.w.SpringBootMockServletContext : Initializing Spring TestDispatcherServlet ''
2023-05-22T15:49:00.542+05:30  INFO 9940 --- [    Test worker] o.s.t.web.servlet.TestDispatcherServlet  : Initializing Servlet ''
2023-05-22T15:49:00.545+05:30  INFO 9940 --- [    Test worker] o.s.t.web.servlet.TestDispatcherServlet  : Completed initialization in 2 ms
2023-05-22T15:49:00.572+05:30  INFO 9940 --- [    Test worker] c.m.carenquiry.CarControllerTest         : Started CarControllerTest in 13.462 seconds (process running for 15.841)

MockHttpServletRequest:
      HTTP Method = DELETE
      Request URI = /api/v1/cars/2
       Parameters = {}
          Headers = []
             Body = null
    Session Attrs = {}

Handler:
             Type = com.mercedesbenz.carenquiry.controller.CarController
           Method = com.mercedesbenz.carenquiry.controller.CarController#deleteCar(int)

Async:
    Async started = false
     Async result = null

Resolved Exception:
             Type = null

ModelAndView:
        View name = null
             View = null
            Model = null

FlashMap:
       Attributes = null

MockHttpServletResponse:
           Status = 200
    Error message = null
          Headers = [Vary:"Origin", "Access-Control-Request-Method", "Access-Control-Request-Headers", Content-Type:"text/plain;charset=UTF-8", Content-Length:"7"]
     Content type = text/plain;charset=UTF-8
             Body = Deleted
    Forwarded URL = null
   Redirected URL = null
          Cookies = []

MockHttpServletRequest:
      HTTP Method = DELETE
      Request URI = /api/v1/cars/90
       Parameters = {}
          Headers = []
             Body = null
    Session Attrs = {}

Handler:
             Type = com.mercedesbenz.carenquiry.controller.CarController
           Method = com.mercedesbenz.carenquiry.controller.CarController#deleteCar(int)

Async:
    Async started = false
     Async result = null

Resolved Exception:
             Type = null

ModelAndView:
        View name = null
             View = null
            Model = null

FlashMap:
       Attributes = null

MockHttpServletResponse:
           Status = 404
    Error message = null
          Headers = [Vary:"Origin", "Access-Control-Request-Method", "Access-Control-Request-Headers", Content-Type:"text/plain;charset=UTF-8", Content-Length:"13"]
     Content type = text/plain;charset=UTF-8
             Body = Car Not found
    Forwarded URL = null
   Redirected URL = null
          Cookies = []

MockHttpServletRequest:
      HTTP Method = PUT
      Request URI = /api/v1/cars/30
       Parameters = {}
          Headers = [Content-Type:"application/json;charset=UTF-8", Content-Length:"63"]
             Body = {"id":null,"carname":"Mazdaa","carimage":null,"carprice":10000}
    Session Attrs = {}

Handler:
             Type = com.mercedesbenz.carenquiry.controller.CarController
           Method = com.mercedesbenz.carenquiry.controller.CarController#updateCarById(int, Cars)

Async:
    Async started = false
     Async result = null

Resolved Exception:
             Type = null

ModelAndView:
        View name = null
             View = null
            Model = null

FlashMap:
       Attributes = null

MockHttpServletResponse:
           Status = 409
    Error message = null
          Headers = [Vary:"Origin", "Access-Control-Request-Method", "Access-Control-Request-Headers", Content-Type:"text/plain;charset=UTF-8", Content-Length:"55"]
     Content type = text/plain;charset=UTF-8
             Body = please enter the following details correctly
car image

    Forwarded URL = null
   Redirected URL = null
          Cookies = []

MockHttpServletRequest:
      HTTP Method = PUT
      Request URI = /api/v1/cars/30
       Parameters = {}
          Headers = [Content-Type:"application/json;charset=UTF-8", Content-Length:"81"]
             Body = {"id":null,"carname":"Mazdaa","carimage":"https://image.com/Mazda","carprice":10}
    Session Attrs = {}

Handler:
             Type = com.mercedesbenz.carenquiry.controller.CarController
           Method = com.mercedesbenz.carenquiry.controller.CarController#updateCarById(int, Cars)

Async:
    Async started = false
     Async result = null

Resolved Exception:
             Type = null

ModelAndView:
        View name = null
             View = null
            Model = null

FlashMap:
       Attributes = null

MockHttpServletResponse:
           Status = 409
    Error message = null
          Headers = [Vary:"Origin", "Access-Control-Request-Method", "Access-Control-Request-Headers", Content-Type:"text/plain;charset=UTF-8", Content-Length:"55"]
     Content type = text/plain;charset=UTF-8
             Body = please enter the following details correctly
car price

    Forwarded URL = null
   Redirected URL = null
          Cookies = []

MockHttpServletRequest:
      HTTP Method = PUT
      Request URI = /api/v1/cars/3
       Parameters = {}
          Headers = [Content-Type:"application/json;charset=UTF-8", Content-Length:"85"]
             Body = {"id":null,"carname":"Mazdaa","carimage":"https://image.com/Mazda","carprice":150000}
    Session Attrs = {}

Handler:
             Type = com.mercedesbenz.carenquiry.controller.CarController
           Method = com.mercedesbenz.carenquiry.controller.CarController#updateCarById(int, Cars)

Async:
    Async started = false
     Async result = null

Resolved Exception:
             Type = null

ModelAndView:
        View name = null
             View = null
            Model = null

FlashMap:
       Attributes = null

MockHttpServletResponse:
           Status = 200
    Error message = null
          Headers = [Vary:"Origin", "Access-Control-Request-Method", "Access-Control-Request-Headers", Content-Type:"application/json"]
     Content type = application/json
             Body = {"id":null,"carname":"Mazdaa","carimage":"https://image.com/Mazda","carprice":150000}
    Forwarded URL = null
   Redirected URL = null
          Cookies = []

MockHttpServletRequest:
      HTTP Method = POST
      Request URI = /api/v1/cars/createcar
       Parameters = {}
          Headers = [Content-Type:"application/json;charset=UTF-8", Content-Length:"67"]
             Body = {"id":null,"carname":null,"carimage":"random.jpg","carprice":10000}
    Session Attrs = {}

Handler:
             Type = com.mercedesbenz.carenquiry.controller.CarController
           Method = com.mercedesbenz.carenquiry.controller.CarController#Createcar(Cars)

Async:
    Async started = false
     Async result = null

Resolved Exception:
             Type = null

ModelAndView:
        View name = null
             View = null
            Model = null

FlashMap:
       Attributes = null

MockHttpServletResponse:
           Status = 409
    Error message = null
          Headers = [Vary:"Origin", "Access-Control-Request-Method", "Access-Control-Request-Headers", Content-Type:"text/plain;charset=UTF-8", Content-Length:"54"]
     Content type = text/plain;charset=UTF-8
             Body = please enter the following details correctly
car name

    Forwarded URL = null
   Redirected URL = null
          Cookies = []

MockHttpServletRequest:
      HTTP Method = POST
      Request URI = /api/v1/cars/createcar
       Parameters = {}
          Headers = [Content-Type:"application/json;charset=UTF-8", Content-Length:"63"]
             Body = {"id":9,"carname":"tata","carimage":"tata.jpg","carprice":9000}
    Session Attrs = {}

Handler:
             Type = com.mercedesbenz.carenquiry.controller.CarController
           Method = com.mercedesbenz.carenquiry.controller.CarController#Createcar(Cars)

Async:
    Async started = false
     Async result = null

Resolved Exception:
             Type = null

ModelAndView:
        View name = null
             View = null
            Model = null

FlashMap:
       Attributes = null

MockHttpServletResponse:
           Status = 201
    Error message = null
          Headers = [Vary:"Origin", "Access-Control-Request-Method", "Access-Control-Request-Headers"]
     Content type = null
             Body = 
    Forwarded URL = null
   Redirected URL = null
          Cookies = []

MockHttpServletRequest:
      HTTP Method = GET
      Request URI = /api/v1/cars/2
       Parameters = {}
          Headers = []
             Body = null
    Session Attrs = {}

Handler:
             Type = com.mercedesbenz.carenquiry.controller.CarController
           Method = com.mercedesbenz.carenquiry.controller.CarController#findbyId(int)

Async:
    Async started = false
     Async result = null

Resolved Exception:
             Type = null

ModelAndView:
        View name = null
             View = null
            Model = null

FlashMap:
       Attributes = null

MockHttpServletResponse:
           Status = 200
    Error message = null
          Headers = [Vary:"Origin", "Access-Control-Request-Method", "Access-Control-Request-Headers", Content-Type:"application/json"]
     Content type = application/json
             Body = {"id":2,"carname":"Thar","carimage":"http://google","carprice":21313}
    Forwarded URL = null
   Redirected URL = null
          Cookies = []

MockHttpServletRequest:
      HTTP Method = GET
      Request URI = /api/v1/cars
       Parameters = {}
          Headers = []
             Body = null
    Session Attrs = {}

Handler:
             Type = com.mercedesbenz.carenquiry.controller.CarController
           Method = com.mercedesbenz.carenquiry.controller.CarController#findAllCars()

Async:
    Async started = false
     Async result = null

Resolved Exception:
             Type = null

ModelAndView:
        View name = null
             View = null
            Model = null

FlashMap:
       Attributes = null

MockHttpServletResponse:
           Status = 200
    Error message = null
          Headers = [Vary:"Origin", "Access-Control-Request-Method", "Access-Control-Request-Headers", Content-Type:"application/json"]
     Content type = application/json
             Body = [{"id":1,"carname":"Mustang GT","carimage":"https://image.com/Mustang%20GT","carprice":200000},{"id":2,"carname":"Ferrari","carimage":"https://image.com/Ferrari","carprice":300000},{"id":3,"carname":"Thar","carimage":"https://image.com/Thar","carprice":250000},{"id":4,"carname":"Mazda","carimage":"https://image.com/Mazda","carprice":150000}]
    Forwarded URL = null
   Redirected URL = null
          Cookies = []

MockHttpServletRequest:
      HTTP Method = PUT
      Request URI = /api/v1/cars/22
       Parameters = {}
          Headers = [Content-Type:"application/json;charset=UTF-8", Content-Length:"84"]
             Body = {"id":null,"carname":"Mazda","carimage":"https://image.com/Mazda","carprice":150000}
    Session Attrs = {}

Handler:
             Type = com.mercedesbenz.carenquiry.controller.CarController
           Method = com.mercedesbenz.carenquiry.controller.CarController#updateCarById(int, Cars)

Async:
    Async started = false
     Async result = null

Resolved Exception:
             Type = null

ModelAndView:
        View name = null
             View = null
            Model = null

FlashMap:
       Attributes = null

MockHttpServletResponse:
           Status = 404
    Error message = null
          Headers = [Vary:"Origin", "Access-Control-Request-Method", "Access-Control-Request-Headers", Content-Type:"text/plain;charset=UTF-8", Content-Length:"19"]
     Content type = text/plain;charset=UTF-8
             Body = Some error occurred
    Forwarded URL = null
   Redirected URL = null
          Cookies = []

MockHttpServletRequest:
      HTTP Method = POST
      Request URI = /api/v1/cars/createcar
       Parameters = {}
          Headers = [Content-Type:"application/json;charset=UTF-8", Content-Length:"63"]
             Body = {"id":null,"carname":"duster","carimage":null,"carprice":10000}
    Session Attrs = {}

Handler:
             Type = com.mercedesbenz.carenquiry.controller.CarController
           Method = com.mercedesbenz.carenquiry.controller.CarController#Createcar(Cars)

Async:
    Async started = false
     Async result = null

Resolved Exception:
             Type = null

ModelAndView:
        View name = null
             View = null
            Model = null

FlashMap:
       Attributes = null

MockHttpServletResponse:
           Status = 409
    Error message = null
          Headers = [Vary:"Origin", "Access-Control-Request-Method", "Access-Control-Request-Headers", Content-Type:"text/plain;charset=UTF-8", Content-Length:"55"]
     Content type = text/plain;charset=UTF-8
             Body = please enter the following details correctly
car image

    Forwarded URL = null
   Redirected URL = null
          Cookies = []

MockHttpServletRequest:
      HTTP Method = POST
      Request URI = /api/v1/cars/createcar
       Parameters = {}
          Headers = [Content-Type:"application/json;charset=UTF-8", Content-Length:"68"]
             Body = {"id":null,"carname":"duster","carimage":"random.jpg","carprice":90}
    Session Attrs = {}

Handler:
             Type = com.mercedesbenz.carenquiry.controller.CarController
           Method = com.mercedesbenz.carenquiry.controller.CarController#Createcar(Cars)

Async:
    Async started = false
     Async result = null

Resolved Exception:
             Type = null

ModelAndView:
        View name = null
             View = null
            Model = null

FlashMap:
       Attributes = null

MockHttpServletResponse:
           Status = 409
    Error message = null
          Headers = [Vary:"Origin", "Access-Control-Request-Method", "Access-Control-Request-Headers", Content-Type:"text/plain;charset=UTF-8", Content-Length:"55"]
     Content type = text/plain;charset=UTF-8
             Body = please enter the following details correctly
car price

    Forwarded URL = null
   Redirected URL = null
          Cookies = []

MockHttpServletRequest:
      HTTP Method = GET
      Request URI = /api/v1/cars/9
       Parameters = {}
          Headers = []
             Body = null
    Session Attrs = {}

Handler:
             Type = com.mercedesbenz.carenquiry.controller.CarController
           Method = com.mercedesbenz.carenquiry.controller.CarController#findbyId(int)

Async:
    Async started = false
     Async result = null

Resolved Exception:
             Type = null

ModelAndView:
        View name = null
             View = null
            Model = null

FlashMap:
       Attributes = null

MockHttpServletResponse:
           Status = 404
    Error message = null
          Headers = [Vary:"Origin", "Access-Control-Request-Method", "Access-Control-Request-Headers", Content-Type:"text/plain;charset=UTF-8", Content-Length:"28"]
     Content type = text/plain;charset=UTF-8
             Body = Id not found in the database
    Forwarded URL = null
   Redirected URL = null
          Cookies = []

MockHttpServletRequest:
      HTTP Method = PUT
      Request URI = /api/v1/cars/30
       Parameters = {}
          Headers = [Content-Type:"application/json;charset=UTF-8", Content-Length:"80"]
             Body = {"id":null,"carname":null,"carimage":"https://image.com/Mazda","carprice":10000}
    Session Attrs = {}

Handler:
             Type = com.mercedesbenz.carenquiry.controller.CarController
           Method = com.mercedesbenz.carenquiry.controller.CarController#updateCarById(int, Cars)

Async:
    Async started = false
     Async result = null

Resolved Exception:
             Type = null

ModelAndView:
        View name = null
             View = null
            Model = null

FlashMap:
       Attributes = null

MockHttpServletResponse:
           Status = 409
    Error message = null
          Headers = [Vary:"Origin", "Access-Control-Request-Method", "Access-Control-Request-Headers", Content-Type:"text/plain;charset=UTF-8", Content-Length:"54"]
     Content type = text/plain;charset=UTF-8
             Body = please enter the following details correctly
car name

    Forwarded URL = null
   Redirected URL = null
          Cookies = []
]]></system-out>
  <system-err><![CDATA[]]></system-err>
</testsuite>
